<?xml version="1.0" encoding="UTF-8"?>
<!-- Generated by org.testng.reporters.JUnitXMLReporter -->
<testsuite hostname="ITUs-MacBook-Pro.local" name="Full Regression Firefox" tests="54" failures="17" timestamp="5 Jan 2015 21:25:30 GMT" time="1295.396" errors="0">
  <testcase name="A_F_AddNewRecordAllFieldsTypeInAndCancelIt" time="13.617" classname="edu.itu.bridge.tests.functional.candidate.education.F_ManageEducationInfoTest">
    <failure type="java.lang.AssertionError" message="expected [false] but found [true]">
      <![CDATA[java.lang.AssertionError: expected [false] but found [true]
	at edu.itu.bridge.tests.functional.candidate.education.F_ManageEducationInfoTest.A_F_AddNewRecordAllFieldsTypeInAndCancelIt(F_ManageEducationInfoTest.java:75)
	at java.util.concurrent.ThreadPoolExecutor$Worker.runTask(ThreadPoolExecutor.java:895)
	at java.util.concurrent.ThreadPoolExecutor$Worker.run(ThreadPoolExecutor.java:918)
	at java.lang.Thread.run(Thread.java:695)
... Removed 14 stack frames]]>
    </failure>
  </testcase> <!-- A_F_AddNewRecordAllFieldsTypeInAndCancelIt -->
  <testcase name="B_F_AddNewRecordWithRequiredFieldsOnly" time="31.055" classname="edu.itu.bridge.tests.functional.candidate.education.F_ManageEducationInfoTest">
    <failure type="java.lang.AssertionError" message="expected [CandidateUniversity-zhJdsOcavAdfzvoCandidateUniversity-nPEVocMGQPIzxfI (LkCyHQlqdu, Barisal bibhag, Bangladesh)] but found [CandidateUniversity-nPEVocMGQPIzxfI (LkCyHQlqdu, Barisal bibhag, Bangladesh)]">
      <![CDATA[java.lang.AssertionError: expected [CandidateUniversity-zhJdsOcavAdfzvoCandidateUniversity-nPEVocMGQPIzxfI (LkCyHQlqdu, Barisal bibhag, Bangladesh)] but found [CandidateUniversity-nPEVocMGQPIzxfI (LkCyHQlqdu, Barisal bibhag, Bangladesh)]
	at edu.itu.bridge.tests.functional.candidate.education.F_ManageEducationInfoTest.B_F_AddNewRecordWithRequiredFieldsOnly(F_ManageEducationInfoTest.java:122)
	at java.util.concurrent.ThreadPoolExecutor$Worker.runTask(ThreadPoolExecutor.java:895)
	at java.util.concurrent.ThreadPoolExecutor$Worker.run(ThreadPoolExecutor.java:918)
	at java.lang.Thread.run(Thread.java:695)
... Removed 15 stack frames]]>
    </failure>
  </testcase> <!-- B_F_AddNewRecordWithRequiredFieldsOnly -->
  <testcase name="C_F_AddNewRecordTypeAllFieldsAndSaveIt" time="13.385" classname="edu.itu.bridge.tests.functional.candidate.education.F_ManageEducationInfoTest">
    <failure type="java.lang.AssertionError" message="expected [1985] but found [2009]">
      <![CDATA[java.lang.AssertionError: expected [1985] but found [2009]
	at edu.itu.bridge.tests.functional.candidate.education.F_ManageEducationInfoTest.C_F_AddNewRecordTypeAllFieldsAndSaveIt(F_ManageEducationInfoTest.java:171)
	at java.util.concurrent.ThreadPoolExecutor$Worker.runTask(ThreadPoolExecutor.java:895)
	at java.util.concurrent.ThreadPoolExecutor$Worker.run(ThreadPoolExecutor.java:918)
	at java.lang.Thread.run(Thread.java:695)
... Removed 15 stack frames]]>
    </failure>
  </testcase> <!-- C_F_AddNewRecordTypeAllFieldsAndSaveIt -->
  <testcase name="D_F_ChekingErrorMesagesWhenRequiredFieldsAreEmpty" time="25.863" classname="edu.itu.bridge.tests.functional.candidate.education.F_ManageEducationInfoTest">
    <failure type="org.openqa.selenium.NoSuchElementException" message="Unable to locate element: {&amp;quot;method&amp;quot;:&amp;quot;xpath&amp;quot;,&amp;quot;selector&amp;quot;:&amp;quot;/html/body/div[2]/div/div[2]/section/div/div/div/div/div/div/form/div[3]/div[2]/div/div&amp;quot;}
For documentation on this error, please visit: http://seleniumhq.org/exceptions/no_such_element.html
Build info: version: &amp;apos;2.43.1&amp;apos;, revision: &amp;apos;5163bce&amp;apos;, time: &amp;apos;2014-09-10 16:27:33&amp;apos;
System info: host: &amp;apos;EMS1-PC&amp;apos;, ip: &amp;apos;172.16.0.115&amp;apos;, os.name: &amp;apos;Windows 7&amp;apos;, os.arch: &amp;apos;amd64&amp;apos;, os.version: &amp;apos;6.1&amp;apos;, java.version: &amp;apos;1.8.0_11&amp;apos;
Driver info: driver.version: unknown
Command duration or timeout: 10.40 seconds
For documentation on this error, please visit: http://seleniumhq.org/exceptions/no_such_element.html
Build info: version: &amp;apos;2.44.0&amp;apos;, revision: &amp;apos;76d78cf323ce037c5f92db6c1bba601c2ac43ad8&amp;apos;, time: &amp;apos;2014-10-23 13:11:40&amp;apos;
System info: host: &amp;apos;ITUs-MacBook-Pro.local&amp;apos;, ip: &amp;apos;172.16.5.82&amp;apos;, os.name: &amp;apos;Mac OS X&amp;apos;, os.arch: &amp;apos;x86_64&amp;apos;, os.version: &amp;apos;10.10.1&amp;apos;, java.version: &amp;apos;1.6.0_65&amp;apos;
Session ID: 962570d6-6797-49ab-a6c7-b7070d3c2243
Driver info: org.openqa.selenium.remote.RemoteWebDriver
Capabilities [{platform=WINDOWS, javascriptEnabled=true, acceptSslCerts=true, browserName=firefox, rotatable=false, locationContextEnabled=true, webdriver.remote.sessionid=962570d6-6797-49ab-a6c7-b7070d3c2243, version=31.0, cssSelectorsEnabled=true, databaseEnabled=true, handlesAlerts=true, nativeEvents=true, webStorageEnabled=true, applicationCacheEnabled=true, takesScreenshot=true}]">
      <![CDATA[org.openqa.selenium.NoSuchElementException: Unable to locate element: {"method":"xpath","selector":"/html/body/div[2]/div/div[2]/section/div/div/div/div/div/div/form/div[3]/div[2]/div/div"}
For documentation on this error, please visit: http://seleniumhq.org/exceptions/no_such_element.html
Build info: version: '2.43.1', revision: '5163bce', time: '2014-09-10 16:27:33'
System info: host: 'EMS1-PC', ip: '172.16.0.115', os.name: 'Windows 7', os.arch: 'amd64', os.version: '6.1', java.version: '1.8.0_11'
Driver info: driver.version: unknown
Command duration or timeout: 10.40 seconds
For documentation on this error, please visit: http://seleniumhq.org/exceptions/no_such_element.html
Build info: version: '2.44.0', revision: '76d78cf323ce037c5f92db6c1bba601c2ac43ad8', time: '2014-10-23 13:11:40'
System info: host: 'ITUs-MacBook-Pro.local', ip: '172.16.5.82', os.name: 'Mac OS X', os.arch: 'x86_64', os.version: '10.10.1', java.version: '1.6.0_65'
Session ID: 962570d6-6797-49ab-a6c7-b7070d3c2243
Driver info: org.openqa.selenium.remote.RemoteWebDriver
Capabilities [{platform=WINDOWS, javascriptEnabled=true, acceptSslCerts=true, browserName=firefox, rotatable=false, locationContextEnabled=true, webdriver.remote.sessionid=962570d6-6797-49ab-a6c7-b7070d3c2243, version=31.0, cssSelectorsEnabled=true, databaseEnabled=true, handlesAlerts=true, nativeEvents=true, webStorageEnabled=true, applicationCacheEnabled=true, takesScreenshot=true}]
	at org.openqa.selenium.remote.ErrorHandler.createThrowable(ErrorHandler.java:204)
	at org.openqa.selenium.remote.ErrorHandler.throwIfResponseFailed(ErrorHandler.java:156)
	at org.openqa.selenium.remote.RemoteWebDriver.execute(RemoteWebDriver.java:599)
	at org.openqa.selenium.remote.RemoteWebDriver.findElement(RemoteWebDriver.java:352)
	at org.openqa.selenium.remote.RemoteWebDriver.findElementByXPath(RemoteWebDriver.java:449)
	at org.openqa.selenium.By$ByXPath.findElement(By.java:357)
	at org.openqa.selenium.remote.RemoteWebDriver.findElement(RemoteWebDriver.java:344)
	at org.openqa.selenium.support.pagefactory.DefaultElementLocator.findElement(DefaultElementLocator.java:59)
	at org.openqa.selenium.support.pagefactory.internal.LocatingElementHandler.invoke(LocatingElementHandler.java:37)
	at com.sun.proxy.$Proxy11.getText(Unknown Source)
	at edu.itu.bridge.tests.pages.candidate.CandiateTitlePageAddNewRecordPage.verifyErrorMessageUniversitySchoolField(CandiateTitlePageAddNewRecordPage.java:846)
	at edu.itu.bridge.tests.functional.helpers.EducationManager.editEducationRecordEmptyUniversitySchoolField(EducationManager.java:202)
	at edu.itu.bridge.tests.functional.candidate.education.F_ManageEducationInfoTest.D_F_ChekingErrorMesagesWhenRequiredFieldsAreEmpty(F_ManageEducationInfoTest.java:220)
	at java.util.concurrent.ThreadPoolExecutor$Worker.runTask(ThreadPoolExecutor.java:895)
	at java.util.concurrent.ThreadPoolExecutor$Worker.run(ThreadPoolExecutor.java:918)
	at java.lang.Thread.run(Thread.java:695)
Caused by: org.openqa.selenium.remote.ScreenshotException: Screen shot has been taken
Build info: version: '2.44.0', revision: '76d78cf323ce037c5f92db6c1bba601c2ac43ad8', time: '2014-10-23 13:11:40'
System info: host: 'ITUs-MacBook-Pro.local', ip: '172.16.5.82', os.name: 'Mac OS X', os.arch: 'x86_64', os.version: '10.10.1', java.version: '1.6.0_65'
Driver info: driver.version: RemoteWebDriver
	at org.openqa.selenium.remote.ErrorHandler.throwIfResponseFailed(ErrorHandler.java:136)
	... 24 more
Caused by: org.openqa.selenium.NoSuchElementException: Unable to locate element: {"method":"xpath","selector":"/html/body/div[2]/div/div[2]/section/div/div/div/div/div/div/form/div[3]/div[2]/div/div"}
For documentation on this error, please visit: http://seleniumhq.org/exceptions/no_such_element.html
Build info: version: '2.43.1', revision: '5163bce', time: '2014-09-10 16:27:33'
System info: host: 'EMS1-PC', ip: '172.16.0.115', os.name: 'Windows 7', os.arch: 'amd64', os.version: '6.1', java.version: '1.8.0_11'
Driver info: driver.version: unknown
For documentation on this error, please visit: http://seleniumhq.org/exceptions/no_such_element.html
Build info: version: '2.44.0', revision: '76d78cf323ce037c5f92db6c1bba601c2ac43ad8', time: '2014-10-23 13:11:40'
System info: host: 'ITUs-MacBook-Pro.local', ip: '172.16.5.82', os.name: 'Mac OS X', os.arch: 'x86_64', os.version: '10.10.1', java.version: '1.6.0_65'
Driver info: driver.version: unknown
	at <anonymous class>.FirefoxDriver.prototype.findElementInternal_(file:///C:/Users/EMS1/AppData/Local/Temp/anonymous599042446365447353webdriver-profile/extensions/fxdriver@googlecode.com/components/driver-component.js:9618:133)
	at <anonymous class>.fxdriver.Timer.prototype.setTimeout/<.notify(file:///C:/Users/EMS1/AppData/Local/Temp/anonymous599042446365447353webdriver-profile/extensions/fxdriver@googlecode.com/components/driver-component.js:548:5)
... Removed 14 stack frames]]>
    </failure>
  </testcase> <!-- D_F_ChekingErrorMesagesWhenRequiredFieldsAreEmpty -->
  <testcase name="E_F_EducationInfo" time="16.633" classname="edu.itu.bridge.tests.functional.candidate.education.F_ManageEducationInfoTest"/>
  <testcase name="ui_candidatePageUITest" time="10.584" classname="edu.itu.bridge.tests.ui.candidate.UI_CandidatePageTest">
    <failure type="org.openqa.selenium.NoSuchElementException" message="Unable to locate element: {&amp;quot;method&amp;quot;:&amp;quot;css selector&amp;quot;,&amp;quot;selector&amp;quot;:&amp;quot;i.project-logo-icon&amp;quot;}
For documentation on this error, please visit: http://seleniumhq.org/exceptions/no_such_element.html
Build info: version: &amp;apos;2.43.1&amp;apos;, revision: &amp;apos;5163bce&amp;apos;, time: &amp;apos;2014-09-10 16:27:33&amp;apos;
System info: host: &amp;apos;EMS1-PC&amp;apos;, ip: &amp;apos;172.16.0.115&amp;apos;, os.name: &amp;apos;Windows 7&amp;apos;, os.arch: &amp;apos;amd64&amp;apos;, os.version: &amp;apos;6.1&amp;apos;, java.version: &amp;apos;1.8.0_11&amp;apos;
Driver info: driver.version: unknown
Command duration or timeout: 10.52 seconds
For documentation on this error, please visit: http://seleniumhq.org/exceptions/no_such_element.html
Build info: version: &amp;apos;2.44.0&amp;apos;, revision: &amp;apos;76d78cf323ce037c5f92db6c1bba601c2ac43ad8&amp;apos;, time: &amp;apos;2014-10-23 13:11:40&amp;apos;
System info: host: &amp;apos;ITUs-MacBook-Pro.local&amp;apos;, ip: &amp;apos;172.16.5.82&amp;apos;, os.name: &amp;apos;Mac OS X&amp;apos;, os.arch: &amp;apos;x86_64&amp;apos;, os.version: &amp;apos;10.10.1&amp;apos;, java.version: &amp;apos;1.6.0_65&amp;apos;
Session ID: 1263871d-5892-4ef5-98a5-c0b3bc55cace
Driver info: org.openqa.selenium.remote.RemoteWebDriver
Capabilities [{platform=WINDOWS, javascriptEnabled=true, acceptSslCerts=true, browserName=firefox, rotatable=false, locationContextEnabled=true, webdriver.remote.sessionid=1263871d-5892-4ef5-98a5-c0b3bc55cace, version=31.0, cssSelectorsEnabled=true, databaseEnabled=true, handlesAlerts=true, nativeEvents=true, webStorageEnabled=true, applicationCacheEnabled=true, takesScreenshot=true}]">
      <![CDATA[org.openqa.selenium.NoSuchElementException: Unable to locate element: {"method":"css selector","selector":"i.project-logo-icon"}
For documentation on this error, please visit: http://seleniumhq.org/exceptions/no_such_element.html
Build info: version: '2.43.1', revision: '5163bce', time: '2014-09-10 16:27:33'
System info: host: 'EMS1-PC', ip: '172.16.0.115', os.name: 'Windows 7', os.arch: 'amd64', os.version: '6.1', java.version: '1.8.0_11'
Driver info: driver.version: unknown
Command duration or timeout: 10.52 seconds
For documentation on this error, please visit: http://seleniumhq.org/exceptions/no_such_element.html
Build info: version: '2.44.0', revision: '76d78cf323ce037c5f92db6c1bba601c2ac43ad8', time: '2014-10-23 13:11:40'
System info: host: 'ITUs-MacBook-Pro.local', ip: '172.16.5.82', os.name: 'Mac OS X', os.arch: 'x86_64', os.version: '10.10.1', java.version: '1.6.0_65'
Session ID: 1263871d-5892-4ef5-98a5-c0b3bc55cace
Driver info: org.openqa.selenium.remote.RemoteWebDriver
Capabilities [{platform=WINDOWS, javascriptEnabled=true, acceptSslCerts=true, browserName=firefox, rotatable=false, locationContextEnabled=true, webdriver.remote.sessionid=1263871d-5892-4ef5-98a5-c0b3bc55cace, version=31.0, cssSelectorsEnabled=true, databaseEnabled=true, handlesAlerts=true, nativeEvents=true, webStorageEnabled=true, applicationCacheEnabled=true, takesScreenshot=true}]
	at org.openqa.selenium.remote.ErrorHandler.createThrowable(ErrorHandler.java:204)
	at org.openqa.selenium.remote.ErrorHandler.throwIfResponseFailed(ErrorHandler.java:156)
	at org.openqa.selenium.remote.RemoteWebDriver.execute(RemoteWebDriver.java:599)
	at org.openqa.selenium.remote.RemoteWebDriver.findElement(RemoteWebDriver.java:352)
	at org.openqa.selenium.remote.RemoteWebDriver.findElementByCssSelector(RemoteWebDriver.java:441)
	at org.openqa.selenium.By$ByCssSelector.findElement(By.java:425)
	at org.openqa.selenium.remote.RemoteWebDriver.findElement(RemoteWebDriver.java:344)
	at org.openqa.selenium.support.pagefactory.DefaultElementLocator.findElement(DefaultElementLocator.java:59)
	at org.openqa.selenium.support.pagefactory.internal.LocatingElementHandler.invoke(LocatingElementHandler.java:37)
	at com.sun.proxy.$Proxy11.isDisplayed(Unknown Source)
	at edu.itu.bridge.tests.pages.candidate.CandidateTitlePageHeader.verifyHeaderBridgeLogoIsDisplayed(CandidateTitlePageHeader.java:26)
	at edu.itu.bridge.tests.ui.candidate.UI_CandidatePageTest.ui_candidatePageUITest(UI_CandidatePageTest.java:20)
	at java.util.concurrent.ThreadPoolExecutor$Worker.runTask(ThreadPoolExecutor.java:895)
	at java.util.concurrent.ThreadPoolExecutor$Worker.run(ThreadPoolExecutor.java:918)
	at java.lang.Thread.run(Thread.java:695)
Caused by: org.openqa.selenium.remote.ScreenshotException: Screen shot has been taken
Build info: version: '2.44.0', revision: '76d78cf323ce037c5f92db6c1bba601c2ac43ad8', time: '2014-10-23 13:11:40'
System info: host: 'ITUs-MacBook-Pro.local', ip: '172.16.5.82', os.name: 'Mac OS X', os.arch: 'x86_64', os.version: '10.10.1', java.version: '1.6.0_65'
Driver info: driver.version: RemoteWebDriver
	at org.openqa.selenium.remote.ErrorHandler.throwIfResponseFailed(ErrorHandler.java:136)
	... 23 more
Caused by: org.openqa.selenium.NoSuchElementException: Unable to locate element: {"method":"css selector","selector":"i.project-logo-icon"}
For documentation on this error, please visit: http://seleniumhq.org/exceptions/no_such_element.html
Build info: version: '2.43.1', revision: '5163bce', time: '2014-09-10 16:27:33'
System info: host: 'EMS1-PC', ip: '172.16.0.115', os.name: 'Windows 7', os.arch: 'amd64', os.version: '6.1', java.version: '1.8.0_11'
Driver info: driver.version: unknown
For documentation on this error, please visit: http://seleniumhq.org/exceptions/no_such_element.html
Build info: version: '2.44.0', revision: '76d78cf323ce037c5f92db6c1bba601c2ac43ad8', time: '2014-10-23 13:11:40'
System info: host: 'ITUs-MacBook-Pro.local', ip: '172.16.5.82', os.name: 'Mac OS X', os.arch: 'x86_64', os.version: '10.10.1', java.version: '1.6.0_65'
Driver info: driver.version: unknown
	at <anonymous class>.FirefoxDriver.prototype.findElementInternal_(file:///C:/Users/EMS1/AppData/Local/Temp/anonymous8166523447784062722webdriver-profile/extensions/fxdriver@googlecode.com/components/driver-component.js:9618:133)
	at <anonymous class>.fxdriver.Timer.prototype.setTimeout/<.notify(file:///C:/Users/EMS1/AppData/Local/Temp/anonymous8166523447784062722webdriver-profile/extensions/fxdriver@googlecode.com/components/driver-component.js:548:5)
... Removed 14 stack frames]]>
    </failure>
  </testcase> <!-- ui_candidatePageUITest -->
  <testcase name="f_CandidateAddNewPositionIntoEmplymentHistory" time="87.999" classname="edu.itu.bridge.tests.functional.candidate.positions.F_CandidateAddNewPositionIntoEmplymentHistoryTest">
    <failure type="org.openqa.selenium.remote.UnreachableBrowserException" message="Error communicating with the remote browser. It may have died.
Build info: version: &amp;apos;2.44.0&amp;apos;, revision: &amp;apos;76d78cf323ce037c5f92db6c1bba601c2ac43ad8&amp;apos;, time: &amp;apos;2014-10-23 13:11:40&amp;apos;
System info: host: &amp;apos;ITUs-MacBook-Pro.local&amp;apos;, ip: &amp;apos;172.16.5.82&amp;apos;, os.name: &amp;apos;Mac OS X&amp;apos;, os.arch: &amp;apos;x86_64&amp;apos;, os.version: &amp;apos;10.10.1&amp;apos;, java.version: &amp;apos;1.6.0_65&amp;apos;
Driver info: driver.version: RemoteWebDriver">
      <![CDATA[org.openqa.selenium.remote.UnreachableBrowserException: Error communicating with the remote browser. It may have died.
Build info: version: '2.44.0', revision: '76d78cf323ce037c5f92db6c1bba601c2ac43ad8', time: '2014-10-23 13:11:40'
System info: host: 'ITUs-MacBook-Pro.local', ip: '172.16.5.82', os.name: 'Mac OS X', os.arch: 'x86_64', os.version: '10.10.1', java.version: '1.6.0_65'
Driver info: driver.version: RemoteWebDriver
	at org.openqa.selenium.remote.RemoteWebDriver.execute(RemoteWebDriver.java:593)
	at org.openqa.selenium.remote.RemoteWebElement.execute(RemoteWebElement.java:268)
	at org.openqa.selenium.remote.RemoteWebElement.sendKeys(RemoteWebElement.java:89)
	at org.openqa.selenium.support.pagefactory.internal.LocatingElementHandler.invoke(LocatingElementHandler.java:50)
	at com.sun.proxy.$Proxy11.sendKeys(Unknown Source)
	at edu.itu.bridge.tests.pages.candidate.CandidateTitlePageManagePositionsAdd.typeRandomSelectedInToStartDateMonth(CandidateTitlePageManagePositionsAdd.java:370)
	at edu.itu.bridge.tests.functional.helpers.PositionManager.AddNewPositionFromCandidateTitlePageAndSetAsWorkingCurrently(PositionManager.java:33)
	at edu.itu.bridge.tests.functional.candidate.positions.F_CandidateAddNewPositionIntoEmplymentHistoryTest.f_CandidateAddNewPositionIntoEmplymentHistory(F_CandidateAddNewPositionIntoEmplymentHistoryTest.java:36)
	at java.util.concurrent.ThreadPoolExecutor$Worker.runTask(ThreadPoolExecutor.java:895)
	at java.util.concurrent.ThreadPoolExecutor$Worker.run(ThreadPoolExecutor.java:918)
	at java.lang.Thread.run(Thread.java:695)
Caused by: java.net.SocketException: Connection reset
	at java.net.SocketInputStream.read(SocketInputStream.java:168)
	at org.apache.http.impl.io.SessionInputBufferImpl.streamRead(SessionInputBufferImpl.java:136)
	at org.apache.http.impl.io.SessionInputBufferImpl.fillBuffer(SessionInputBufferImpl.java:152)
	at org.apache.http.impl.io.SessionInputBufferImpl.readLine(SessionInputBufferImpl.java:270)
	at org.apache.http.impl.conn.DefaultHttpResponseParser.parseHead(DefaultHttpResponseParser.java:140)
	at org.apache.http.impl.conn.DefaultHttpResponseParser.parseHead(DefaultHttpResponseParser.java:57)
	at org.apache.http.impl.io.AbstractMessageParser.parse(AbstractMessageParser.java:260)
	at org.apache.http.impl.DefaultBHttpClientConnection.receiveResponseHeader(DefaultBHttpClientConnection.java:161)
	at org.apache.http.impl.conn.CPoolProxy.receiveResponseHeader(CPoolProxy.java:153)
	at org.apache.http.protocol.HttpRequestExecutor.doReceiveResponse(HttpRequestExecutor.java:271)
	at org.apache.http.protocol.HttpRequestExecutor.execute(HttpRequestExecutor.java:123)
	at org.apache.http.impl.execchain.MainClientExec.execute(MainClientExec.java:254)
	at org.apache.http.impl.execchain.ProtocolExec.execute(ProtocolExec.java:195)
	at org.apache.http.impl.execchain.RetryExec.execute(RetryExec.java:86)
	at org.apache.http.impl.execchain.RedirectExec.execute(RedirectExec.java:108)
	at org.apache.http.impl.client.InternalHttpClient.doExecute(InternalHttpClient.java:184)
	at org.apache.http.impl.client.CloseableHttpClient.execute(CloseableHttpClient.java:72)
	at org.apache.http.impl.client.CloseableHttpClient.execute(CloseableHttpClient.java:57)
	at org.openqa.selenium.remote.HttpCommandExecutor.fallBackExecute(HttpCommandExecutor.java:215)
	at org.openqa.selenium.remote.HttpCommandExecutor.execute(HttpCommandExecutor.java:184)
	at org.openqa.selenium.remote.RemoteWebDriver.execute(RemoteWebDriver.java:572)
	... 23 more
... Removed 13 stack frames]]>
    </failure>
  </testcase> <!-- f_CandidateAddNewPositionIntoEmplymentHistory -->
  <testcase name="ui_EditProfileInfo" time="42.986" classname="edu.itu.bridge.tests.ui.candidate.UI_EditProfileInfoTest"/>
  <testcase name="A_F_EditCandidateProfilePageSetToAvailableForFullTimeAndNotVisible" time="21.396" classname="edu.itu.bridge.tests.functional.candidate.profile.F_EditCandidateProfilePageAndSetDifferentStatusesTest">
    <failure type="org.openqa.selenium.NoSuchElementException" message="Unable to locate element: {&amp;quot;method&amp;quot;:&amp;quot;xpath&amp;quot;,&amp;quot;selector&amp;quot;:&amp;quot;/html/body/div[2]/div/div[2]/section/div/div/div/div[1]/header/div[2]/div[2]/div[2]/div/div[1]/div[2]&amp;quot;}
For documentation on this error, please visit: http://seleniumhq.org/exceptions/no_such_element.html
Build info: version: &amp;apos;2.43.1&amp;apos;, revision: &amp;apos;5163bce&amp;apos;, time: &amp;apos;2014-09-10 16:27:33&amp;apos;
System info: host: &amp;apos;EMS1-PC&amp;apos;, ip: &amp;apos;172.16.0.115&amp;apos;, os.name: &amp;apos;Windows 7&amp;apos;, os.arch: &amp;apos;amd64&amp;apos;, os.version: &amp;apos;6.1&amp;apos;, java.version: &amp;apos;1.8.0_11&amp;apos;
Driver info: driver.version: unknown
Command duration or timeout: 10.24 seconds
For documentation on this error, please visit: http://seleniumhq.org/exceptions/no_such_element.html
Build info: version: &amp;apos;2.44.0&amp;apos;, revision: &amp;apos;76d78cf323ce037c5f92db6c1bba601c2ac43ad8&amp;apos;, time: &amp;apos;2014-10-23 13:11:40&amp;apos;
System info: host: &amp;apos;ITUs-MacBook-Pro.local&amp;apos;, ip: &amp;apos;172.16.5.82&amp;apos;, os.name: &amp;apos;Mac OS X&amp;apos;, os.arch: &amp;apos;x86_64&amp;apos;, os.version: &amp;apos;10.10.1&amp;apos;, java.version: &amp;apos;1.6.0_65&amp;apos;
Session ID: 90409ee1-88c9-4d11-b61c-4a94a945cfda
Driver info: org.openqa.selenium.remote.RemoteWebDriver
Capabilities [{platform=WINDOWS, javascriptEnabled=true, acceptSslCerts=true, browserName=firefox, rotatable=false, locationContextEnabled=true, webdriver.remote.sessionid=90409ee1-88c9-4d11-b61c-4a94a945cfda, version=31.0, cssSelectorsEnabled=true, databaseEnabled=true, handlesAlerts=true, nativeEvents=true, webStorageEnabled=true, applicationCacheEnabled=true, takesScreenshot=true}]">
      <![CDATA[org.openqa.selenium.NoSuchElementException: Unable to locate element: {"method":"xpath","selector":"/html/body/div[2]/div/div[2]/section/div/div/div/div[1]/header/div[2]/div[2]/div[2]/div/div[1]/div[2]"}
For documentation on this error, please visit: http://seleniumhq.org/exceptions/no_such_element.html
Build info: version: '2.43.1', revision: '5163bce', time: '2014-09-10 16:27:33'
System info: host: 'EMS1-PC', ip: '172.16.0.115', os.name: 'Windows 7', os.arch: 'amd64', os.version: '6.1', java.version: '1.8.0_11'
Driver info: driver.version: unknown
Command duration or timeout: 10.24 seconds
For documentation on this error, please visit: http://seleniumhq.org/exceptions/no_such_element.html
Build info: version: '2.44.0', revision: '76d78cf323ce037c5f92db6c1bba601c2ac43ad8', time: '2014-10-23 13:11:40'
System info: host: 'ITUs-MacBook-Pro.local', ip: '172.16.5.82', os.name: 'Mac OS X', os.arch: 'x86_64', os.version: '10.10.1', java.version: '1.6.0_65'
Session ID: 90409ee1-88c9-4d11-b61c-4a94a945cfda
Driver info: org.openqa.selenium.remote.RemoteWebDriver
Capabilities [{platform=WINDOWS, javascriptEnabled=true, acceptSslCerts=true, browserName=firefox, rotatable=false, locationContextEnabled=true, webdriver.remote.sessionid=90409ee1-88c9-4d11-b61c-4a94a945cfda, version=31.0, cssSelectorsEnabled=true, databaseEnabled=true, handlesAlerts=true, nativeEvents=true, webStorageEnabled=true, applicationCacheEnabled=true, takesScreenshot=true}]
	at org.openqa.selenium.remote.ErrorHandler.createThrowable(ErrorHandler.java:204)
	at org.openqa.selenium.remote.ErrorHandler.throwIfResponseFailed(ErrorHandler.java:156)
	at org.openqa.selenium.remote.RemoteWebDriver.execute(RemoteWebDriver.java:599)
	at org.openqa.selenium.remote.RemoteWebDriver.findElement(RemoteWebDriver.java:352)
	at org.openqa.selenium.remote.RemoteWebDriver.findElementByXPath(RemoteWebDriver.java:449)
	at org.openqa.selenium.By$ByXPath.findElement(By.java:357)
	at org.openqa.selenium.remote.RemoteWebDriver.findElement(RemoteWebDriver.java:344)
	at org.openqa.selenium.support.pagefactory.DefaultElementLocator.findElement(DefaultElementLocator.java:59)
	at org.openqa.selenium.support.pagefactory.internal.LocatingElementHandler.invoke(LocatingElementHandler.java:37)
	at com.sun.proxy.$Proxy11.getText(Unknown Source)
	at edu.itu.bridge.tests.pages.candidate.CandidateTitlePage.verifyResumeMoreInfoAvailabilityValueEquals(CandidateTitlePage.java:619)
	at edu.itu.bridge.tests.functional.candidate.profile.F_EditCandidateProfilePageAndSetDifferentStatusesTest.A_F_EditCandidateProfilePageSetToAvailableForFullTimeAndNotVisible(F_EditCandidateProfilePageAndSetDifferentStatusesTest.java:46)
	at java.util.concurrent.ThreadPoolExecutor$Worker.runTask(ThreadPoolExecutor.java:895)
	at java.util.concurrent.ThreadPoolExecutor$Worker.run(ThreadPoolExecutor.java:918)
	at java.lang.Thread.run(Thread.java:695)
Caused by: org.openqa.selenium.remote.ScreenshotException: Screen shot has been taken
Build info: version: '2.44.0', revision: '76d78cf323ce037c5f92db6c1bba601c2ac43ad8', time: '2014-10-23 13:11:40'
System info: host: 'ITUs-MacBook-Pro.local', ip: '172.16.5.82', os.name: 'Mac OS X', os.arch: 'x86_64', os.version: '10.10.1', java.version: '1.6.0_65'
Driver info: driver.version: RemoteWebDriver
	at org.openqa.selenium.remote.ErrorHandler.throwIfResponseFailed(ErrorHandler.java:136)
	... 23 more
Caused by: org.openqa.selenium.NoSuchElementException: Unable to locate element: {"method":"xpath","selector":"/html/body/div[2]/div/div[2]/section/div/div/div/div[1]/header/div[2]/div[2]/div[2]/div/div[1]/div[2]"}
For documentation on this error, please visit: http://seleniumhq.org/exceptions/no_such_element.html
Build info: version: '2.43.1', revision: '5163bce', time: '2014-09-10 16:27:33'
System info: host: 'EMS1-PC', ip: '172.16.0.115', os.name: 'Windows 7', os.arch: 'amd64', os.version: '6.1', java.version: '1.8.0_11'
Driver info: driver.version: unknown
For documentation on this error, please visit: http://seleniumhq.org/exceptions/no_such_element.html
Build info: version: '2.44.0', revision: '76d78cf323ce037c5f92db6c1bba601c2ac43ad8', time: '2014-10-23 13:11:40'
System info: host: 'ITUs-MacBook-Pro.local', ip: '172.16.5.82', os.name: 'Mac OS X', os.arch: 'x86_64', os.version: '10.10.1', java.version: '1.6.0_65'
Driver info: driver.version: unknown
	at <anonymous class>.FirefoxDriver.prototype.findElementInternal_(file:///C:/Users/EMS1/AppData/Local/Temp/anonymous2472261002549756543webdriver-profile/extensions/fxdriver@googlecode.com/components/driver-component.js:9618:133)
	at <anonymous class>.fxdriver.Timer.prototype.setTimeout/<.notify(file:///C:/Users/EMS1/AppData/Local/Temp/anonymous2472261002549756543webdriver-profile/extensions/fxdriver@googlecode.com/components/driver-component.js:548:5)
... Removed 14 stack frames]]>
    </failure>
  </testcase> <!-- A_F_EditCandidateProfilePageSetToAvailableForFullTimeAndNotVisible -->
  <testcase name="B_F_EditCandidateProfilePageSetToAvailableForPartTimeAndNotVisible" time="8.058" classname="edu.itu.bridge.tests.functional.candidate.profile.F_EditCandidateProfilePageAndSetDifferentStatusesTest"/>
  <testcase name="C_F_EditCandidateProfilePageSetNotAvailableAndNotVisible" time="19.093" classname="edu.itu.bridge.tests.functional.candidate.profile.F_EditCandidateProfilePageAndSetDifferentStatusesTest">
    <failure type="org.openqa.selenium.NoSuchElementException" message="Unable to locate element: {&amp;quot;method&amp;quot;:&amp;quot;xpath&amp;quot;,&amp;quot;selector&amp;quot;:&amp;quot;/html/body/div[2]/div/div[2]/section/div/div/div/div[1]/header/div[2]/div[2]/div[2]/div/div[1]/div[2]&amp;quot;}
For documentation on this error, please visit: http://seleniumhq.org/exceptions/no_such_element.html
Build info: version: &amp;apos;2.43.1&amp;apos;, revision: &amp;apos;5163bce&amp;apos;, time: &amp;apos;2014-09-10 16:27:33&amp;apos;
System info: host: &amp;apos;EMS1-PC&amp;apos;, ip: &amp;apos;172.16.0.115&amp;apos;, os.name: &amp;apos;Windows 7&amp;apos;, os.arch: &amp;apos;amd64&amp;apos;, os.version: &amp;apos;6.1&amp;apos;, java.version: &amp;apos;1.8.0_11&amp;apos;
Driver info: driver.version: unknown
Command duration or timeout: 10.22 seconds
For documentation on this error, please visit: http://seleniumhq.org/exceptions/no_such_element.html
Build info: version: &amp;apos;2.44.0&amp;apos;, revision: &amp;apos;76d78cf323ce037c5f92db6c1bba601c2ac43ad8&amp;apos;, time: &amp;apos;2014-10-23 13:11:40&amp;apos;
System info: host: &amp;apos;ITUs-MacBook-Pro.local&amp;apos;, ip: &amp;apos;172.16.5.82&amp;apos;, os.name: &amp;apos;Mac OS X&amp;apos;, os.arch: &amp;apos;x86_64&amp;apos;, os.version: &amp;apos;10.10.1&amp;apos;, java.version: &amp;apos;1.6.0_65&amp;apos;
Session ID: 90409ee1-88c9-4d11-b61c-4a94a945cfda
Driver info: org.openqa.selenium.remote.RemoteWebDriver
Capabilities [{platform=WINDOWS, javascriptEnabled=true, acceptSslCerts=true, browserName=firefox, rotatable=false, locationContextEnabled=true, webdriver.remote.sessionid=90409ee1-88c9-4d11-b61c-4a94a945cfda, version=31.0, cssSelectorsEnabled=true, databaseEnabled=true, handlesAlerts=true, nativeEvents=true, webStorageEnabled=true, applicationCacheEnabled=true, takesScreenshot=true}]">
      <![CDATA[org.openqa.selenium.NoSuchElementException: Unable to locate element: {"method":"xpath","selector":"/html/body/div[2]/div/div[2]/section/div/div/div/div[1]/header/div[2]/div[2]/div[2]/div/div[1]/div[2]"}
For documentation on this error, please visit: http://seleniumhq.org/exceptions/no_such_element.html
Build info: version: '2.43.1', revision: '5163bce', time: '2014-09-10 16:27:33'
System info: host: 'EMS1-PC', ip: '172.16.0.115', os.name: 'Windows 7', os.arch: 'amd64', os.version: '6.1', java.version: '1.8.0_11'
Driver info: driver.version: unknown
Command duration or timeout: 10.22 seconds
For documentation on this error, please visit: http://seleniumhq.org/exceptions/no_such_element.html
Build info: version: '2.44.0', revision: '76d78cf323ce037c5f92db6c1bba601c2ac43ad8', time: '2014-10-23 13:11:40'
System info: host: 'ITUs-MacBook-Pro.local', ip: '172.16.5.82', os.name: 'Mac OS X', os.arch: 'x86_64', os.version: '10.10.1', java.version: '1.6.0_65'
Session ID: 90409ee1-88c9-4d11-b61c-4a94a945cfda
Driver info: org.openqa.selenium.remote.RemoteWebDriver
Capabilities [{platform=WINDOWS, javascriptEnabled=true, acceptSslCerts=true, browserName=firefox, rotatable=false, locationContextEnabled=true, webdriver.remote.sessionid=90409ee1-88c9-4d11-b61c-4a94a945cfda, version=31.0, cssSelectorsEnabled=true, databaseEnabled=true, handlesAlerts=true, nativeEvents=true, webStorageEnabled=true, applicationCacheEnabled=true, takesScreenshot=true}]
	at org.openqa.selenium.remote.ErrorHandler.createThrowable(ErrorHandler.java:204)
	at org.openqa.selenium.remote.ErrorHandler.throwIfResponseFailed(ErrorHandler.java:156)
	at org.openqa.selenium.remote.RemoteWebDriver.execute(RemoteWebDriver.java:599)
	at org.openqa.selenium.remote.RemoteWebDriver.findElement(RemoteWebDriver.java:352)
	at org.openqa.selenium.remote.RemoteWebDriver.findElementByXPath(RemoteWebDriver.java:449)
	at org.openqa.selenium.By$ByXPath.findElement(By.java:357)
	at org.openqa.selenium.remote.RemoteWebDriver.findElement(RemoteWebDriver.java:344)
	at org.openqa.selenium.support.pagefactory.DefaultElementLocator.findElement(DefaultElementLocator.java:59)
	at org.openqa.selenium.support.pagefactory.internal.LocatingElementHandler.invoke(LocatingElementHandler.java:37)
	at com.sun.proxy.$Proxy11.getText(Unknown Source)
	at edu.itu.bridge.tests.pages.candidate.CandidateTitlePage.verifyResumeMoreInfoAvailabilityValueEquals(CandidateTitlePage.java:619)
	at edu.itu.bridge.tests.functional.candidate.profile.F_EditCandidateProfilePageAndSetDifferentStatusesTest.C_F_EditCandidateProfilePageSetNotAvailableAndNotVisible(F_EditCandidateProfilePageAndSetDifferentStatusesTest.java:156)
	at java.util.concurrent.ThreadPoolExecutor$Worker.runTask(ThreadPoolExecutor.java:895)
	at java.util.concurrent.ThreadPoolExecutor$Worker.run(ThreadPoolExecutor.java:918)
	at java.lang.Thread.run(Thread.java:695)
Caused by: org.openqa.selenium.remote.ScreenshotException: Screen shot has been taken
Build info: version: '2.44.0', revision: '76d78cf323ce037c5f92db6c1bba601c2ac43ad8', time: '2014-10-23 13:11:40'
System info: host: 'ITUs-MacBook-Pro.local', ip: '172.16.5.82', os.name: 'Mac OS X', os.arch: 'x86_64', os.version: '10.10.1', java.version: '1.6.0_65'
Driver info: driver.version: RemoteWebDriver
	at org.openqa.selenium.remote.ErrorHandler.throwIfResponseFailed(ErrorHandler.java:136)
	... 23 more
Caused by: org.openqa.selenium.NoSuchElementException: Unable to locate element: {"method":"xpath","selector":"/html/body/div[2]/div/div[2]/section/div/div/div/div[1]/header/div[2]/div[2]/div[2]/div/div[1]/div[2]"}
For documentation on this error, please visit: http://seleniumhq.org/exceptions/no_such_element.html
Build info: version: '2.43.1', revision: '5163bce', time: '2014-09-10 16:27:33'
System info: host: 'EMS1-PC', ip: '172.16.0.115', os.name: 'Windows 7', os.arch: 'amd64', os.version: '6.1', java.version: '1.8.0_11'
Driver info: driver.version: unknown
For documentation on this error, please visit: http://seleniumhq.org/exceptions/no_such_element.html
Build info: version: '2.44.0', revision: '76d78cf323ce037c5f92db6c1bba601c2ac43ad8', time: '2014-10-23 13:11:40'
System info: host: 'ITUs-MacBook-Pro.local', ip: '172.16.5.82', os.name: 'Mac OS X', os.arch: 'x86_64', os.version: '10.10.1', java.version: '1.6.0_65'
Driver info: driver.version: unknown
	at <anonymous class>.FirefoxDriver.prototype.findElementInternal_(file:///C:/Users/EMS1/AppData/Local/Temp/anonymous2472261002549756543webdriver-profile/extensions/fxdriver@googlecode.com/components/driver-component.js:9618:133)
	at <anonymous class>.fxdriver.Timer.prototype.setTimeout/<.notify(file:///C:/Users/EMS1/AppData/Local/Temp/anonymous2472261002549756543webdriver-profile/extensions/fxdriver@googlecode.com/components/driver-component.js:548:5)
... Removed 14 stack frames]]>
    </failure>
  </testcase> <!-- C_F_EditCandidateProfilePageSetNotAvailableAndNotVisible -->
  <testcase name="D_F_EditCandidateProfilePageSetToAvailableForFullTimeAndVisible" time="8.035" classname="edu.itu.bridge.tests.functional.candidate.profile.F_EditCandidateProfilePageAndSetDifferentStatusesTest"/>
  <testcase name="E_F_EditCandidateProfilePageSetNotAvailableAndVisible" time="18.853" classname="edu.itu.bridge.tests.functional.candidate.profile.F_EditCandidateProfilePageAndSetDifferentStatusesTest">
    <failure type="org.openqa.selenium.NoSuchElementException" message="Unable to locate element: {&amp;quot;method&amp;quot;:&amp;quot;xpath&amp;quot;,&amp;quot;selector&amp;quot;:&amp;quot;/html/body/div[2]/div/div[2]/section/div/div/div/div[1]/header/div[2]/div[2]/div[2]/div/div[1]/div[2]&amp;quot;}
For documentation on this error, please visit: http://seleniumhq.org/exceptions/no_such_element.html
Build info: version: &amp;apos;2.43.1&amp;apos;, revision: &amp;apos;5163bce&amp;apos;, time: &amp;apos;2014-09-10 16:27:33&amp;apos;
System info: host: &amp;apos;EMS1-PC&amp;apos;, ip: &amp;apos;172.16.0.115&amp;apos;, os.name: &amp;apos;Windows 7&amp;apos;, os.arch: &amp;apos;amd64&amp;apos;, os.version: &amp;apos;6.1&amp;apos;, java.version: &amp;apos;1.8.0_11&amp;apos;
Driver info: driver.version: unknown
Command duration or timeout: 10.16 seconds
For documentation on this error, please visit: http://seleniumhq.org/exceptions/no_such_element.html
Build info: version: &amp;apos;2.44.0&amp;apos;, revision: &amp;apos;76d78cf323ce037c5f92db6c1bba601c2ac43ad8&amp;apos;, time: &amp;apos;2014-10-23 13:11:40&amp;apos;
System info: host: &amp;apos;ITUs-MacBook-Pro.local&amp;apos;, ip: &amp;apos;172.16.5.82&amp;apos;, os.name: &amp;apos;Mac OS X&amp;apos;, os.arch: &amp;apos;x86_64&amp;apos;, os.version: &amp;apos;10.10.1&amp;apos;, java.version: &amp;apos;1.6.0_65&amp;apos;
Session ID: 90409ee1-88c9-4d11-b61c-4a94a945cfda
Driver info: org.openqa.selenium.remote.RemoteWebDriver
Capabilities [{platform=WINDOWS, javascriptEnabled=true, acceptSslCerts=true, browserName=firefox, rotatable=false, locationContextEnabled=true, webdriver.remote.sessionid=90409ee1-88c9-4d11-b61c-4a94a945cfda, version=31.0, cssSelectorsEnabled=true, databaseEnabled=true, handlesAlerts=true, nativeEvents=true, webStorageEnabled=true, applicationCacheEnabled=true, takesScreenshot=true}]">
      <![CDATA[org.openqa.selenium.NoSuchElementException: Unable to locate element: {"method":"xpath","selector":"/html/body/div[2]/div/div[2]/section/div/div/div/div[1]/header/div[2]/div[2]/div[2]/div/div[1]/div[2]"}
For documentation on this error, please visit: http://seleniumhq.org/exceptions/no_such_element.html
Build info: version: '2.43.1', revision: '5163bce', time: '2014-09-10 16:27:33'
System info: host: 'EMS1-PC', ip: '172.16.0.115', os.name: 'Windows 7', os.arch: 'amd64', os.version: '6.1', java.version: '1.8.0_11'
Driver info: driver.version: unknown
Command duration or timeout: 10.16 seconds
For documentation on this error, please visit: http://seleniumhq.org/exceptions/no_such_element.html
Build info: version: '2.44.0', revision: '76d78cf323ce037c5f92db6c1bba601c2ac43ad8', time: '2014-10-23 13:11:40'
System info: host: 'ITUs-MacBook-Pro.local', ip: '172.16.5.82', os.name: 'Mac OS X', os.arch: 'x86_64', os.version: '10.10.1', java.version: '1.6.0_65'
Session ID: 90409ee1-88c9-4d11-b61c-4a94a945cfda
Driver info: org.openqa.selenium.remote.RemoteWebDriver
Capabilities [{platform=WINDOWS, javascriptEnabled=true, acceptSslCerts=true, browserName=firefox, rotatable=false, locationContextEnabled=true, webdriver.remote.sessionid=90409ee1-88c9-4d11-b61c-4a94a945cfda, version=31.0, cssSelectorsEnabled=true, databaseEnabled=true, handlesAlerts=true, nativeEvents=true, webStorageEnabled=true, applicationCacheEnabled=true, takesScreenshot=true}]
	at org.openqa.selenium.remote.ErrorHandler.createThrowable(ErrorHandler.java:204)
	at org.openqa.selenium.remote.ErrorHandler.throwIfResponseFailed(ErrorHandler.java:156)
	at org.openqa.selenium.remote.RemoteWebDriver.execute(RemoteWebDriver.java:599)
	at org.openqa.selenium.remote.RemoteWebDriver.findElement(RemoteWebDriver.java:352)
	at org.openqa.selenium.remote.RemoteWebDriver.findElementByXPath(RemoteWebDriver.java:449)
	at org.openqa.selenium.By$ByXPath.findElement(By.java:357)
	at org.openqa.selenium.remote.RemoteWebDriver.findElement(RemoteWebDriver.java:344)
	at org.openqa.selenium.support.pagefactory.DefaultElementLocator.findElement(DefaultElementLocator.java:59)
	at org.openqa.selenium.support.pagefactory.internal.LocatingElementHandler.invoke(LocatingElementHandler.java:37)
	at com.sun.proxy.$Proxy11.getText(Unknown Source)
	at edu.itu.bridge.tests.pages.candidate.CandidateTitlePage.verifyResumeMoreInfoAvailabilityValueEquals(CandidateTitlePage.java:619)
	at edu.itu.bridge.tests.functional.candidate.profile.F_EditCandidateProfilePageAndSetDifferentStatusesTest.E_F_EditCandidateProfilePageSetNotAvailableAndVisible(F_EditCandidateProfilePageAndSetDifferentStatusesTest.java:185)
	at java.util.concurrent.ThreadPoolExecutor$Worker.runTask(ThreadPoolExecutor.java:895)
	at java.util.concurrent.ThreadPoolExecutor$Worker.run(ThreadPoolExecutor.java:918)
	at java.lang.Thread.run(Thread.java:695)
Caused by: org.openqa.selenium.remote.ScreenshotException: Screen shot has been taken
Build info: version: '2.44.0', revision: '76d78cf323ce037c5f92db6c1bba601c2ac43ad8', time: '2014-10-23 13:11:40'
System info: host: 'ITUs-MacBook-Pro.local', ip: '172.16.5.82', os.name: 'Mac OS X', os.arch: 'x86_64', os.version: '10.10.1', java.version: '1.6.0_65'
Driver info: driver.version: RemoteWebDriver
	at org.openqa.selenium.remote.ErrorHandler.throwIfResponseFailed(ErrorHandler.java:136)
	... 23 more
Caused by: org.openqa.selenium.NoSuchElementException: Unable to locate element: {"method":"xpath","selector":"/html/body/div[2]/div/div[2]/section/div/div/div/div[1]/header/div[2]/div[2]/div[2]/div/div[1]/div[2]"}
For documentation on this error, please visit: http://seleniumhq.org/exceptions/no_such_element.html
Build info: version: '2.43.1', revision: '5163bce', time: '2014-09-10 16:27:33'
System info: host: 'EMS1-PC', ip: '172.16.0.115', os.name: 'Windows 7', os.arch: 'amd64', os.version: '6.1', java.version: '1.8.0_11'
Driver info: driver.version: unknown
For documentation on this error, please visit: http://seleniumhq.org/exceptions/no_such_element.html
Build info: version: '2.44.0', revision: '76d78cf323ce037c5f92db6c1bba601c2ac43ad8', time: '2014-10-23 13:11:40'
System info: host: 'ITUs-MacBook-Pro.local', ip: '172.16.5.82', os.name: 'Mac OS X', os.arch: 'x86_64', os.version: '10.10.1', java.version: '1.6.0_65'
Driver info: driver.version: unknown
	at <anonymous class>.FirefoxDriver.prototype.findElementInternal_(file:///C:/Users/EMS1/AppData/Local/Temp/anonymous2472261002549756543webdriver-profile/extensions/fxdriver@googlecode.com/components/driver-component.js:9618:133)
	at <anonymous class>.fxdriver.Timer.prototype.setTimeout/<.notify(file:///C:/Users/EMS1/AppData/Local/Temp/anonymous2472261002549756543webdriver-profile/extensions/fxdriver@googlecode.com/components/driver-component.js:548:5)
... Removed 14 stack frames]]>
    </failure>
  </testcase> <!-- E_F_EditCandidateProfilePageSetNotAvailableAndVisible -->
  <testcase name="F_F_EditCandidateProfilePageSetAvailableForPartTimeAndVisible" time="18.954" classname="edu.itu.bridge.tests.functional.candidate.profile.F_EditCandidateProfilePageAndSetDifferentStatusesTest">
    <failure type="org.openqa.selenium.NoSuchElementException" message="Unable to locate element: {&amp;quot;method&amp;quot;:&amp;quot;xpath&amp;quot;,&amp;quot;selector&amp;quot;:&amp;quot;/html/body/div[2]/div/div[2]/section/div/div/div/div[1]/header/div[2]/div[2]/div[2]/div/div[1]/div[2]&amp;quot;}
For documentation on this error, please visit: http://seleniumhq.org/exceptions/no_such_element.html
Build info: version: &amp;apos;2.43.1&amp;apos;, revision: &amp;apos;5163bce&amp;apos;, time: &amp;apos;2014-09-10 16:27:33&amp;apos;
System info: host: &amp;apos;EMS1-PC&amp;apos;, ip: &amp;apos;172.16.0.115&amp;apos;, os.name: &amp;apos;Windows 7&amp;apos;, os.arch: &amp;apos;amd64&amp;apos;, os.version: &amp;apos;6.1&amp;apos;, java.version: &amp;apos;1.8.0_11&amp;apos;
Driver info: driver.version: unknown
Command duration or timeout: 10.19 seconds
For documentation on this error, please visit: http://seleniumhq.org/exceptions/no_such_element.html
Build info: version: &amp;apos;2.44.0&amp;apos;, revision: &amp;apos;76d78cf323ce037c5f92db6c1bba601c2ac43ad8&amp;apos;, time: &amp;apos;2014-10-23 13:11:40&amp;apos;
System info: host: &amp;apos;ITUs-MacBook-Pro.local&amp;apos;, ip: &amp;apos;172.16.5.82&amp;apos;, os.name: &amp;apos;Mac OS X&amp;apos;, os.arch: &amp;apos;x86_64&amp;apos;, os.version: &amp;apos;10.10.1&amp;apos;, java.version: &amp;apos;1.6.0_65&amp;apos;
Session ID: 90409ee1-88c9-4d11-b61c-4a94a945cfda
Driver info: org.openqa.selenium.remote.RemoteWebDriver
Capabilities [{platform=WINDOWS, javascriptEnabled=true, acceptSslCerts=true, browserName=firefox, rotatable=false, locationContextEnabled=true, webdriver.remote.sessionid=90409ee1-88c9-4d11-b61c-4a94a945cfda, version=31.0, cssSelectorsEnabled=true, databaseEnabled=true, handlesAlerts=true, nativeEvents=true, webStorageEnabled=true, applicationCacheEnabled=true, takesScreenshot=true}]">
      <![CDATA[org.openqa.selenium.NoSuchElementException: Unable to locate element: {"method":"xpath","selector":"/html/body/div[2]/div/div[2]/section/div/div/div/div[1]/header/div[2]/div[2]/div[2]/div/div[1]/div[2]"}
For documentation on this error, please visit: http://seleniumhq.org/exceptions/no_such_element.html
Build info: version: '2.43.1', revision: '5163bce', time: '2014-09-10 16:27:33'
System info: host: 'EMS1-PC', ip: '172.16.0.115', os.name: 'Windows 7', os.arch: 'amd64', os.version: '6.1', java.version: '1.8.0_11'
Driver info: driver.version: unknown
Command duration or timeout: 10.19 seconds
For documentation on this error, please visit: http://seleniumhq.org/exceptions/no_such_element.html
Build info: version: '2.44.0', revision: '76d78cf323ce037c5f92db6c1bba601c2ac43ad8', time: '2014-10-23 13:11:40'
System info: host: 'ITUs-MacBook-Pro.local', ip: '172.16.5.82', os.name: 'Mac OS X', os.arch: 'x86_64', os.version: '10.10.1', java.version: '1.6.0_65'
Session ID: 90409ee1-88c9-4d11-b61c-4a94a945cfda
Driver info: org.openqa.selenium.remote.RemoteWebDriver
Capabilities [{platform=WINDOWS, javascriptEnabled=true, acceptSslCerts=true, browserName=firefox, rotatable=false, locationContextEnabled=true, webdriver.remote.sessionid=90409ee1-88c9-4d11-b61c-4a94a945cfda, version=31.0, cssSelectorsEnabled=true, databaseEnabled=true, handlesAlerts=true, nativeEvents=true, webStorageEnabled=true, applicationCacheEnabled=true, takesScreenshot=true}]
	at org.openqa.selenium.remote.ErrorHandler.createThrowable(ErrorHandler.java:204)
	at org.openqa.selenium.remote.ErrorHandler.throwIfResponseFailed(ErrorHandler.java:156)
	at org.openqa.selenium.remote.RemoteWebDriver.execute(RemoteWebDriver.java:599)
	at org.openqa.selenium.remote.RemoteWebDriver.findElement(RemoteWebDriver.java:352)
	at org.openqa.selenium.remote.RemoteWebDriver.findElementByXPath(RemoteWebDriver.java:449)
	at org.openqa.selenium.By$ByXPath.findElement(By.java:357)
	at org.openqa.selenium.remote.RemoteWebDriver.findElement(RemoteWebDriver.java:344)
	at org.openqa.selenium.support.pagefactory.DefaultElementLocator.findElement(DefaultElementLocator.java:59)
	at org.openqa.selenium.support.pagefactory.internal.LocatingElementHandler.invoke(LocatingElementHandler.java:37)
	at com.sun.proxy.$Proxy11.getText(Unknown Source)
	at edu.itu.bridge.tests.pages.candidate.CandidateTitlePage.verifyResumeMoreInfoAvailabilityValueEquals(CandidateTitlePage.java:619)
	at edu.itu.bridge.tests.functional.candidate.profile.F_EditCandidateProfilePageAndSetDifferentStatusesTest.F_F_EditCandidateProfilePageSetAvailableForPartTimeAndVisible(F_EditCandidateProfilePageAndSetDifferentStatusesTest.java:128)
	at java.util.concurrent.ThreadPoolExecutor$Worker.runTask(ThreadPoolExecutor.java:895)
	at java.util.concurrent.ThreadPoolExecutor$Worker.run(ThreadPoolExecutor.java:918)
	at java.lang.Thread.run(Thread.java:695)
Caused by: org.openqa.selenium.remote.ScreenshotException: Screen shot has been taken
Build info: version: '2.44.0', revision: '76d78cf323ce037c5f92db6c1bba601c2ac43ad8', time: '2014-10-23 13:11:40'
System info: host: 'ITUs-MacBook-Pro.local', ip: '172.16.5.82', os.name: 'Mac OS X', os.arch: 'x86_64', os.version: '10.10.1', java.version: '1.6.0_65'
Driver info: driver.version: RemoteWebDriver
	at org.openqa.selenium.remote.ErrorHandler.throwIfResponseFailed(ErrorHandler.java:136)
	... 23 more
Caused by: org.openqa.selenium.NoSuchElementException: Unable to locate element: {"method":"xpath","selector":"/html/body/div[2]/div/div[2]/section/div/div/div/div[1]/header/div[2]/div[2]/div[2]/div/div[1]/div[2]"}
For documentation on this error, please visit: http://seleniumhq.org/exceptions/no_such_element.html
Build info: version: '2.43.1', revision: '5163bce', time: '2014-09-10 16:27:33'
System info: host: 'EMS1-PC', ip: '172.16.0.115', os.name: 'Windows 7', os.arch: 'amd64', os.version: '6.1', java.version: '1.8.0_11'
Driver info: driver.version: unknown
For documentation on this error, please visit: http://seleniumhq.org/exceptions/no_such_element.html
Build info: version: '2.44.0', revision: '76d78cf323ce037c5f92db6c1bba601c2ac43ad8', time: '2014-10-23 13:11:40'
System info: host: 'ITUs-MacBook-Pro.local', ip: '172.16.5.82', os.name: 'Mac OS X', os.arch: 'x86_64', os.version: '10.10.1', java.version: '1.6.0_65'
Driver info: driver.version: unknown
	at <anonymous class>.FirefoxDriver.prototype.findElementInternal_(file:///C:/Users/EMS1/AppData/Local/Temp/anonymous2472261002549756543webdriver-profile/extensions/fxdriver@googlecode.com/components/driver-component.js:9618:133)
	at <anonymous class>.fxdriver.Timer.prototype.setTimeout/<.notify(file:///C:/Users/EMS1/AppData/Local/Temp/anonymous2472261002549756543webdriver-profile/extensions/fxdriver@googlecode.com/components/driver-component.js:548:5)
... Removed 14 stack frames]]>
    </failure>
  </testcase> <!-- F_F_EditCandidateProfilePageSetAvailableForPartTimeAndVisible -->
  <testcase name="ui_ManagePositions" time="24.934" classname="edu.itu.bridge.tests.ui.candidate.UI_ManagePositionsTest"/>
  <testcase name="f_EditCandidateProfilePageCancelChangesAndVerifyChangesAreNotApplied" time="17.203" classname="edu.itu.bridge.tests.functional.candidate.profile.F_EditCandidateProfilePageCancelChangesAndVerifyChangesAreNotAppliedTest"/>
  <testcase name="ui_VerifySupportTicketWindowElementsSignedInTest" time="5.257" classname="edu.itu.bridge.tests.ui.candidate.UI_VerifySupportTicketWindowElementsSignedInTest"/>
  <testcase name="f_CandidateIsAbleToOverviewAllSkills" time="49.933" classname="edu.itu.bridge.tests.functional.candidate.skills.F_CandidateSkillSetOverviewTest"/>
  <testcase name="ui_SignUpPageTest" time="4.869" classname="edu.itu.bridge.tests.ui.company.UI_SignUpPageTest"/>
  <testcase name="f_CompanySignUpPositiveTest" time="4.479" classname="edu.itu.bridge.tests.functional.company.F_CompanySignUpHappyCaseTest"/>
  <testcase name="ui_StaffViewCandidatesPage" time="7.687" classname="edu.itu.bridge.tests.ui.staff.UI_StaffViewPageTest"/>
  <testcase name="ui_StaffViewCompaniesPage" time="13.699" classname="edu.itu.bridge.tests.ui.staff.UI_StaffViewPageTest"/>
  <testcase name="ui_StaffViewUsersPage" time="3.752" classname="edu.itu.bridge.tests.ui.staff.UI_StaffViewPageTest"/>
  <testcase name="f_CompanySignUpCheckingEachRequiredFieldTest" time="5.928" classname="edu.itu.bridge.tests.functional.company.F_CompanySignUpNegativeTest"/>
  <testcase name="f_CompanySignUpInvalidEmailTest" time="5.395" classname="edu.itu.bridge.tests.functional.company.F_CompanySignUpNegativeTest"/>
  <testcase name="f_CompanySignUpPasswordDoesntMatchErrorTest" time="5.411" classname="edu.itu.bridge.tests.functional.company.F_CompanySignUpNegativeTest"/>
  <testcase name="ui_titlePageCreateSupportTicketNotSignedInUIonly" time="9.066" classname="edu.itu.bridge.tests.ui.title.UI_CreateSupportTicketNotSignedHeaderAndFooterInTest"/>
  <testcase name="f_CompanySignUpCheckingEachRequiredFieldTest" time="6.02" classname="edu.itu.bridge.tests.functional.company.F_CompanySignUpTest"/>
  <testcase name="f_CompanySignUpInvalidEmailTest" time="5.478" classname="edu.itu.bridge.tests.functional.company.F_CompanySignUpTest"/>
  <testcase name="f_CompanySignUpPasswordDoesntMatchErrorTest" time="5.413" classname="edu.itu.bridge.tests.functional.company.F_CompanySignUpTest"/>
  <testcase name="f_CompanySignUpPositiveTest" time="4.556" classname="edu.itu.bridge.tests.functional.company.F_CompanySignUpTest"/>
  <testcase name="ui_forgotPasswordPageUITestonly" time="1.594" classname="edu.itu.bridge.tests.ui.title.UI_ForgotPasswordTest"/>
  <testcase name="ui_titlePagePrivacyPolicyTest" time="18.874" classname="edu.itu.bridge.tests.ui.title.UI_PrivacyPolicyTest"/>
  <testcase name="ui_titlePageSignInCenterUIonly" time="1.425" classname="edu.itu.bridge.tests.ui.title.UI_SignInAllThreeCasesTest"/>
  <testcase name="ui_titlePageSignInFooterUIonly" time="1.194" classname="edu.itu.bridge.tests.ui.title.UI_SignInAllThreeCasesTest"/>
  <testcase name="ui_titlePageSignInHeaderUIonly" time="1.468" classname="edu.itu.bridge.tests.ui.title.UI_SignInAllThreeCasesTest"/>
  <testcase name="ui_titlePageTermsOfServiceTest" time="2.992" classname="edu.itu.bridge.tests.ui.title.UI_TermsOfServiceTest"/>
  <testcase name="ui_titlePageUIonly" time="52.896" classname="edu.itu.bridge.tests.ui.title.UI_TitlePageTest"/>
  <testcase name="f_submitSupportTicketNotSignedInFooterVerifyAndDeleteTicketFunctionalTest" time="8.103" classname="edu.itu.bridge.tests.functional.support.F_SubmitSupportTicketNotSignedInHeaderAndFooterVerifyAndDeleteTicketTest"/>
  <testcase name="f_submitSupportTicketNotSignedInHeaderVerifyAndDeleteTicketFunctionalTest" time="7.708" classname="edu.itu.bridge.tests.functional.support.F_SubmitSupportTicketNotSignedInHeaderAndFooterVerifyAndDeleteTicketTest"/>
  <testcase name="f_A_SubmitSupportTicketSignedInHeaderVerifyAndDeleteItTest" time="1.002" classname="edu.itu.bridge.tests.functional.support.F_SubmitSupportTicketSignedInAsCandidateVerifyAndDeleteItTest">
    <failure type="java.lang.NullPointerException">
      <![CDATA[java.lang.NullPointerException
	at edu.itu.bridge.tests.functional.helpers.SupportTicketManager.SubmitTicketWhenCandidateSignedInFromHeader(SupportTicketManager.java:111)
	at edu.itu.bridge.tests.functional.support.F_SubmitSupportTicketSignedInAsCandidateVerifyAndDeleteItTest.f_A_SubmitSupportTicketSignedInHeaderVerifyAndDeleteItTest(F_SubmitSupportTicketSignedInAsCandidateVerifyAndDeleteItTest.java:45)
	at java.util.concurrent.ThreadPoolExecutor$Worker.runTask(ThreadPoolExecutor.java:895)
	at java.util.concurrent.ThreadPoolExecutor$Worker.run(ThreadPoolExecutor.java:918)
	at java.lang.Thread.run(Thread.java:695)
... Removed 10 stack frames]]>
    </failure>
  </testcase> <!-- f_A_SubmitSupportTicketSignedInHeaderVerifyAndDeleteItTest -->
  <testcase name="f_B_SubmitSupportTicketSignedInFooterVerifyAndDeleteItTest" time="1.002" classname="edu.itu.bridge.tests.functional.support.F_SubmitSupportTicketSignedInAsCandidateVerifyAndDeleteItTest">
    <failure type="java.lang.NullPointerException">
      <![CDATA[java.lang.NullPointerException
	at edu.itu.bridge.tests.functional.helpers.SupportTicketManager.SubmitTicketWhenCandidateSignedInFromFooter(SupportTicketManager.java:133)
	at edu.itu.bridge.tests.functional.support.F_SubmitSupportTicketSignedInAsCandidateVerifyAndDeleteItTest.f_B_SubmitSupportTicketSignedInFooterVerifyAndDeleteItTest(F_SubmitSupportTicketSignedInAsCandidateVerifyAndDeleteItTest.java:51)
	at java.util.concurrent.ThreadPoolExecutor$Worker.runTask(ThreadPoolExecutor.java:895)
	at java.util.concurrent.ThreadPoolExecutor$Worker.run(ThreadPoolExecutor.java:918)
	at java.lang.Thread.run(Thread.java:695)
... Removed 10 stack frames]]>
    </failure>
  </testcase> <!-- f_B_SubmitSupportTicketSignedInFooterVerifyAndDeleteItTest -->
  <testcase name="f_A_SubmitSupportTicketSignedInAsCompanyHeaderVerifyAndDeleteItTest" time="11.882" classname="edu.itu.bridge.tests.functional.support.F_SubmitSupportTicketSignedInAsCompanyVerifyAndDeleteItTest"/>
  <testcase name="f_B_SubmitSupportTicketSignedInFooterVerifyAndDeleteItTest" time="11.187" classname="edu.itu.bridge.tests.functional.support.F_SubmitSupportTicketSignedInAsCompanyVerifyAndDeleteItTest">
    <failure type="org.openqa.selenium.NoSuchElementException" message="Unable to locate element: {&amp;quot;method&amp;quot;:&amp;quot;xpath&amp;quot;,&amp;quot;selector&amp;quot;:&amp;quot;/html/body/div[2]/footer/div/nav/a[5]&amp;quot;}
For documentation on this error, please visit: http://seleniumhq.org/exceptions/no_such_element.html
Build info: version: &amp;apos;2.43.1&amp;apos;, revision: &amp;apos;5163bce&amp;apos;, time: &amp;apos;2014-09-10 16:27:33&amp;apos;
System info: host: &amp;apos;EMS1-PC&amp;apos;, ip: &amp;apos;172.16.0.115&amp;apos;, os.name: &amp;apos;Windows 7&amp;apos;, os.arch: &amp;apos;amd64&amp;apos;, os.version: &amp;apos;6.1&amp;apos;, java.version: &amp;apos;1.8.0_11&amp;apos;
Driver info: driver.version: unknown
Command duration or timeout: 10.19 seconds
For documentation on this error, please visit: http://seleniumhq.org/exceptions/no_such_element.html
Build info: version: &amp;apos;2.44.0&amp;apos;, revision: &amp;apos;76d78cf323ce037c5f92db6c1bba601c2ac43ad8&amp;apos;, time: &amp;apos;2014-10-23 13:11:40&amp;apos;
System info: host: &amp;apos;ITUs-MacBook-Pro.local&amp;apos;, ip: &amp;apos;172.16.5.82&amp;apos;, os.name: &amp;apos;Mac OS X&amp;apos;, os.arch: &amp;apos;x86_64&amp;apos;, os.version: &amp;apos;10.10.1&amp;apos;, java.version: &amp;apos;1.6.0_65&amp;apos;
Session ID: 9e74fb48-0317-4d2d-a7e9-488d3369689a
Driver info: org.openqa.selenium.remote.RemoteWebDriver
Capabilities [{platform=WINDOWS, javascriptEnabled=true, acceptSslCerts=true, browserName=firefox, rotatable=false, locationContextEnabled=true, webdriver.remote.sessionid=9e74fb48-0317-4d2d-a7e9-488d3369689a, version=31.0, cssSelectorsEnabled=true, databaseEnabled=true, handlesAlerts=true, nativeEvents=true, webStorageEnabled=true, applicationCacheEnabled=true, takesScreenshot=true}]">
      <![CDATA[org.openqa.selenium.NoSuchElementException: Unable to locate element: {"method":"xpath","selector":"/html/body/div[2]/footer/div/nav/a[5]"}
For documentation on this error, please visit: http://seleniumhq.org/exceptions/no_such_element.html
Build info: version: '2.43.1', revision: '5163bce', time: '2014-09-10 16:27:33'
System info: host: 'EMS1-PC', ip: '172.16.0.115', os.name: 'Windows 7', os.arch: 'amd64', os.version: '6.1', java.version: '1.8.0_11'
Driver info: driver.version: unknown
Command duration or timeout: 10.19 seconds
For documentation on this error, please visit: http://seleniumhq.org/exceptions/no_such_element.html
Build info: version: '2.44.0', revision: '76d78cf323ce037c5f92db6c1bba601c2ac43ad8', time: '2014-10-23 13:11:40'
System info: host: 'ITUs-MacBook-Pro.local', ip: '172.16.5.82', os.name: 'Mac OS X', os.arch: 'x86_64', os.version: '10.10.1', java.version: '1.6.0_65'
Session ID: 9e74fb48-0317-4d2d-a7e9-488d3369689a
Driver info: org.openqa.selenium.remote.RemoteWebDriver
Capabilities [{platform=WINDOWS, javascriptEnabled=true, acceptSslCerts=true, browserName=firefox, rotatable=false, locationContextEnabled=true, webdriver.remote.sessionid=9e74fb48-0317-4d2d-a7e9-488d3369689a, version=31.0, cssSelectorsEnabled=true, databaseEnabled=true, handlesAlerts=true, nativeEvents=true, webStorageEnabled=true, applicationCacheEnabled=true, takesScreenshot=true}]
	at org.openqa.selenium.remote.ErrorHandler.createThrowable(ErrorHandler.java:204)
	at org.openqa.selenium.remote.ErrorHandler.throwIfResponseFailed(ErrorHandler.java:156)
	at org.openqa.selenium.remote.RemoteWebDriver.execute(RemoteWebDriver.java:599)
	at org.openqa.selenium.remote.RemoteWebDriver.findElement(RemoteWebDriver.java:352)
	at org.openqa.selenium.remote.RemoteWebDriver.findElementByXPath(RemoteWebDriver.java:449)
	at org.openqa.selenium.By$ByXPath.findElement(By.java:357)
	at org.openqa.selenium.remote.RemoteWebDriver.findElement(RemoteWebDriver.java:344)
	at org.openqa.selenium.support.pagefactory.DefaultElementLocator.findElement(DefaultElementLocator.java:59)
	at org.openqa.selenium.support.pagefactory.internal.LocatingElementHandler.invoke(LocatingElementHandler.java:37)
	at com.sun.proxy.$Proxy11.isDisplayed(Unknown Source)
	at edu.itu.bridge.tests.pages.company.CompanySignUpProgressPage.clickOnFooterSupportElement(CompanySignUpProgressPage.java:841)
	at edu.itu.bridge.tests.functional.helpers.SupportTicketManager.SubmitTicketWhenCompanySignedInFromFooter(SupportTicketManager.java:173)
	at edu.itu.bridge.tests.functional.support.F_SubmitSupportTicketSignedInAsCompanyVerifyAndDeleteItTest.f_B_SubmitSupportTicketSignedInFooterVerifyAndDeleteItTest(F_SubmitSupportTicketSignedInAsCompanyVerifyAndDeleteItTest.java:58)
	at java.util.concurrent.ThreadPoolExecutor$Worker.runTask(ThreadPoolExecutor.java:895)
	at java.util.concurrent.ThreadPoolExecutor$Worker.run(ThreadPoolExecutor.java:918)
	at java.lang.Thread.run(Thread.java:695)
Caused by: org.openqa.selenium.remote.ScreenshotException: Screen shot has been taken
Build info: version: '2.44.0', revision: '76d78cf323ce037c5f92db6c1bba601c2ac43ad8', time: '2014-10-23 13:11:40'
System info: host: 'ITUs-MacBook-Pro.local', ip: '172.16.5.82', os.name: 'Mac OS X', os.arch: 'x86_64', os.version: '10.10.1', java.version: '1.6.0_65'
Driver info: driver.version: RemoteWebDriver
	at org.openqa.selenium.remote.ErrorHandler.throwIfResponseFailed(ErrorHandler.java:136)
	... 24 more
Caused by: org.openqa.selenium.NoSuchElementException: Unable to locate element: {"method":"xpath","selector":"/html/body/div[2]/footer/div/nav/a[5]"}
For documentation on this error, please visit: http://seleniumhq.org/exceptions/no_such_element.html
Build info: version: '2.43.1', revision: '5163bce', time: '2014-09-10 16:27:33'
System info: host: 'EMS1-PC', ip: '172.16.0.115', os.name: 'Windows 7', os.arch: 'amd64', os.version: '6.1', java.version: '1.8.0_11'
Driver info: driver.version: unknown
For documentation on this error, please visit: http://seleniumhq.org/exceptions/no_such_element.html
Build info: version: '2.44.0', revision: '76d78cf323ce037c5f92db6c1bba601c2ac43ad8', time: '2014-10-23 13:11:40'
System info: host: 'ITUs-MacBook-Pro.local', ip: '172.16.5.82', os.name: 'Mac OS X', os.arch: 'x86_64', os.version: '10.10.1', java.version: '1.6.0_65'
Driver info: driver.version: unknown
	at <anonymous class>.FirefoxDriver.prototype.findElementInternal_(file:///C:/Users/EMS1/AppData/Local/Temp/anonymous7404061110619759456webdriver-profile/extensions/fxdriver@googlecode.com/components/driver-component.js:9618:133)
	at <anonymous class>.fxdriver.Timer.prototype.setTimeout/<.notify(file:///C:/Users/EMS1/AppData/Local/Temp/anonymous7404061110619759456webdriver-profile/extensions/fxdriver@googlecode.com/components/driver-component.js:548:5)
... Removed 13 stack frames]]>
    </failure>
  </testcase> <!-- f_B_SubmitSupportTicketSignedInFooterVerifyAndDeleteItTest -->
  <testcase name="f_logInCenterFunctionalPositiveTest" time="1.771" classname="edu.itu.bridge.tests.functional.title.F_LoginTest">
    <failure type="java.lang.AssertionError" message="expected [ITU - Login] but found [ITU Bridge - The App]">
      <![CDATA[java.lang.AssertionError: expected [ITU - Login] but found [ITU Bridge - The App]
	at edu.itu.bridge.tests.base.BaseTest.checkTitleAndUrl(BaseTest.java:164)
	at edu.itu.bridge.tests.functional.title.F_LoginTest.f_logInCenterFunctionalPositiveTest(F_LoginTest.java:99)
	at java.util.concurrent.ThreadPoolExecutor$Worker.runTask(ThreadPoolExecutor.java:895)
	at java.util.concurrent.ThreadPoolExecutor$Worker.run(ThreadPoolExecutor.java:918)
	at java.lang.Thread.run(Thread.java:695)
... Removed 15 stack frames]]>
    </failure>
  </testcase> <!-- f_logInCenterFunctionalPositiveTest -->
  <testcase name="f_logInFooterFunctionalPositiveTest" time="1.447" classname="edu.itu.bridge.tests.functional.title.F_LoginTest">
    <failure type="java.lang.AssertionError" message="expected [ITU - Login] but found [ITU Bridge - The App]">
      <![CDATA[java.lang.AssertionError: expected [ITU - Login] but found [ITU Bridge - The App]
	at edu.itu.bridge.tests.base.BaseTest.checkTitleAndUrl(BaseTest.java:164)
	at edu.itu.bridge.tests.functional.title.F_LoginTest.f_logInFooterFunctionalPositiveTest(F_LoginTest.java:134)
	at java.util.concurrent.ThreadPoolExecutor$Worker.runTask(ThreadPoolExecutor.java:895)
	at java.util.concurrent.ThreadPoolExecutor$Worker.run(ThreadPoolExecutor.java:918)
	at java.lang.Thread.run(Thread.java:695)
... Removed 15 stack frames]]>
    </failure>
  </testcase> <!-- f_logInFooterFunctionalPositiveTest -->
  <testcase name="f_logInTopFunctionalPositiveTest" time="4.306" classname="edu.itu.bridge.tests.functional.title.F_LoginTest">
    <failure type="java.lang.AssertionError" message="expected [ITU - Login] but found [ITU Bridge - The App]">
      <![CDATA[java.lang.AssertionError: expected [ITU - Login] but found [ITU Bridge - The App]
	at edu.itu.bridge.tests.base.BaseTest.checkTitleAndUrl(BaseTest.java:164)
	at edu.itu.bridge.tests.functional.title.F_LoginTest.f_logInTopFunctionalPositiveTest(F_LoginTest.java:64)
	at java.util.concurrent.ThreadPoolExecutor$Worker.runTask(ThreadPoolExecutor.java:895)
	at java.util.concurrent.ThreadPoolExecutor$Worker.run(ThreadPoolExecutor.java:918)
	at java.lang.Thread.run(Thread.java:695)
... Removed 15 stack frames]]>
    </failure>
  </testcase> <!-- f_logInTopFunctionalPositiveTest -->
  <testcase name="f_loginCenterFunctionalInvalidEmailTest" time="4.329" classname="edu.itu.bridge.tests.functional.title.F_LoginTest"/>
  <testcase name="f_loginCenterFunctionalInvalidPasswordTest" time="0.364" classname="edu.itu.bridge.tests.functional.title.F_LoginTest"/>
  <testcase name="f_loginFooterFunctionalInvalidEmailTest" time="4.37" classname="edu.itu.bridge.tests.functional.title.F_LoginTest"/>
  <testcase name="f_loginFooterFunctionalInvalidPasswordTest" time="0.456" classname="edu.itu.bridge.tests.functional.title.F_LoginTest"/>
  <testcase name="f_loginTopFunctionalInvalidEmailTest" time="4.344" classname="edu.itu.bridge.tests.functional.title.F_LoginTest"/>
  <testcase name="f_loginTopFunctionalInvalidPasswordTest" time="0.387" classname="edu.itu.bridge.tests.functional.title.F_LoginTest"/>
  <testcase name="f_titlePageLinksTest" time="8.792" classname="edu.itu.bridge.tests.functional.title.F_TitlePageLinksTest">
    <failure type="java.lang.AssertionError" message="expected [http://beta.bridge.itu.edu/companies/sign_up] but found [http://beta.bridge.itu.edu/]">
      <![CDATA[java.lang.AssertionError: expected [http://beta.bridge.itu.edu/companies/sign_up] but found [http://beta.bridge.itu.edu/]
	at edu.itu.bridge.tests.base.BaseTest.checkTitleAndUrl(BaseTest.java:165)
	at edu.itu.bridge.tests.functional.title.F_TitlePageLinksTest.f_titlePageLinksTest(F_TitlePageLinksTest.java:54)
	at java.util.concurrent.ThreadPoolExecutor$Worker.runTask(ThreadPoolExecutor.java:895)
	at java.util.concurrent.ThreadPoolExecutor$Worker.run(ThreadPoolExecutor.java:918)
	at java.lang.Thread.run(Thread.java:695)
... Removed 15 stack frames]]>
    </failure>
  </testcase> <!-- f_titlePageLinksTest -->
</testsuite> <!-- Full Regression Firefox -->
