<?xml version="1.0" encoding="UTF-8"?>
<!-- Generated by org.testng.reporters.JUnitReportReporter -->
<testsuite hostname="ITUs-MacBook-Pro-5.local" name="edu.itu.bridge.tests.functional.support.F_SubmitSupportTicketNotSignedInHeaderAndFooterVerifyAndDeleteTicketTest" tests="1" failures="1" timestamp="27 Jan 2015 00:45:44 GMT" time="26.933" errors="0">
  <testcase name="f_submitSupportTicketNotSignedInHeaderVerifyAndDeleteTicketFunctionalTest" time="26.933" classname="edu.itu.bridge.tests.functional.support.F_SubmitSupportTicketNotSignedInHeaderAndFooterVerifyAndDeleteTicketTest">
    <failure type="org.openqa.selenium.TimeoutException" message="Timed out after 10 seconds waiting for element to be clickable: [[ChromeDriver: chrome on MAC (8db8662f7f38eb207f2fc3dd34191b00)] -&gt; xpath: //a[@class=&#039;btn-support&#039; and text()=&#039;Support&#039;]]
Build info: version: &#039;2.44.0&#039;, revision: &#039;76d78cf323ce037c5f92db6c1bba601c2ac43ad8&#039;, time: &#039;2014-10-23 13:11:40&#039;
System info: host: &#039;ITUs-MacBook-Pro-5.local&#039;, ip: &#039;172.16.4.181&#039;, os.name: &#039;Mac OS X&#039;, os.arch: &#039;x86_64&#039;, os.version: &#039;10.10.1&#039;, java.version: &#039;1.6.0_65&#039;
Session ID: 8db8662f7f38eb207f2fc3dd34191b00
Driver info: org.openqa.selenium.chrome.ChromeDriver
Capabilities [{platform=MAC, acceptSslCerts=true, javascriptEnabled=true, browserName=chrome, chrome={userDataDir=/var/folders/bt/515t4pvn6f977cyrtzxv7ckm0000gp/T/.org.chromium.Chromium.mFenDo}, rotatable=false, locationContextEnabled=true, mobileEmulationEnabled=false, version=40.0.2214.91, takesHeapSnapshot=true, cssSelectorsEnabled=true, databaseEnabled=false, handlesAlerts=true, browserConnectionEnabled=false, webStorageEnabled=true, nativeEvents=true, applicationCacheEnabled=false, takesScreenshot=true}]">
      <![CDATA[org.openqa.selenium.TimeoutException: Timed out after 10 seconds waiting for element to be clickable: [[ChromeDriver: chrome on MAC (8db8662f7f38eb207f2fc3dd34191b00)] -> xpath: //a[@class='btn-support' and text()='Support']]
Build info: version: '2.44.0', revision: '76d78cf323ce037c5f92db6c1bba601c2ac43ad8', time: '2014-10-23 13:11:40'
System info: host: 'ITUs-MacBook-Pro-5.local', ip: '172.16.4.181', os.name: 'Mac OS X', os.arch: 'x86_64', os.version: '10.10.1', java.version: '1.6.0_65'
Session ID: 8db8662f7f38eb207f2fc3dd34191b00
Driver info: org.openqa.selenium.chrome.ChromeDriver
Capabilities [{platform=MAC, acceptSslCerts=true, javascriptEnabled=true, browserName=chrome, chrome={userDataDir=/var/folders/bt/515t4pvn6f977cyrtzxv7ckm0000gp/T/.org.chromium.Chromium.mFenDo}, rotatable=false, locationContextEnabled=true, mobileEmulationEnabled=false, version=40.0.2214.91, takesHeapSnapshot=true, cssSelectorsEnabled=true, databaseEnabled=false, handlesAlerts=true, browserConnectionEnabled=false, webStorageEnabled=true, nativeEvents=true, applicationCacheEnabled=false, takesScreenshot=true}]
	at org.openqa.selenium.support.ui.WebDriverWait.timeoutException(WebDriverWait.java:79)
	at org.openqa.selenium.support.ui.FluentWait.until(FluentWait.java:228)
	at edu.itu.bridge.tests.base.Wait.wait(Wait.java:16)
	at edu.itu.bridge.tests.base.Wait.clickable(Wait.java:20)
	at edu.itu.bridge.tests.functional.helpers.SupportTicketService.NotSignedIn(SupportTicketService.java:70)
	at edu.itu.bridge.tests.functional.support.F_SubmitSupportTicketNotSignedInHeaderAndFooterVerifyAndDeleteTicketTest.f_submitSupportTicketNotSignedInHeaderVerifyAndDeleteTicketFunctionalTest(F_SubmitSupportTicketNotSignedInHeaderAndFooterVerifyAndDeleteTicketTest.java:50)
	at sun.reflect.NativeMethodAccessorImpl.invoke0(Native Method)
	at sun.reflect.NativeMethodAccessorImpl.invoke(NativeMethodAccessorImpl.java:39)
	at sun.reflect.DelegatingMethodAccessorImpl.invoke(DelegatingMethodAccessorImpl.java:25)
	at java.lang.reflect.Method.invoke(Method.java:597)
	at org.testng.internal.MethodInvocationHelper.invokeMethod(MethodInvocationHelper.java:84)
	at org.testng.internal.Invoker.invokeMethod(Invoker.java:714)
	at org.testng.internal.Invoker.invokeTestMethod(Invoker.java:901)
	at org.testng.internal.Invoker.invokeTestMethods(Invoker.java:1231)
	at org.testng.internal.TestMethodWorker.invokeTestMethods(TestMethodWorker.java:127)
	at org.testng.internal.TestMethodWorker.run(TestMethodWorker.java:111)
	at java.util.concurrent.ThreadPoolExecutor$Worker.runTask(ThreadPoolExecutor.java:895)
	at java.util.concurrent.ThreadPoolExecutor$Worker.run(ThreadPoolExecutor.java:918)
	at java.lang.Thread.run(Thread.java:695)
]]>
    </failure>
  </testcase> <!-- f_submitSupportTicketNotSignedInHeaderVerifyAndDeleteTicketFunctionalTest -->
</testsuite> <!-- edu.itu.bridge.tests.functional.support.F_SubmitSupportTicketNotSignedInHeaderAndFooterVerifyAndDeleteTicketTest -->
