<?xml version="1.0" encoding="UTF-8"?>
<!-- Generated by org.testng.reporters.JUnitReportReporter -->
<testsuite hostname="ITUs-MacBook-Pro-5.local" name="edu.itu.bridge.tests.functional.candidate.profile.F_EditCandidateProfilePageAndSetDifferentStatusesTest" tests="6" failures="1" timestamp="3 Feb 2015 20:12:44 GMT" time="29.839" errors="0">
  <testcase name="F_EditCandidateProfilePageSetAvailableForPartTimeAndVisible" time="5.473" classname="edu.itu.bridge.tests.functional.candidate.profile.F_EditCandidateProfilePageAndSetDifferentStatusesTest"/>
  <testcase name="F_EditCandidateProfilePageSetNotAvailableAndNotVisible" time="5.483" classname="edu.itu.bridge.tests.functional.candidate.profile.F_EditCandidateProfilePageAndSetDifferentStatusesTest"/>
  <testcase name="F_EditCandidateProfilePageSetToAvailableForFullTimeAndNotVisible" time="5.289" classname="edu.itu.bridge.tests.functional.candidate.profile.F_EditCandidateProfilePageAndSetDifferentStatusesTest"/>
  <testcase name="F_EditCandidateProfilePageSetNotAvailableAndVisible" time="2.364" classname="edu.itu.bridge.tests.functional.candidate.profile.F_EditCandidateProfilePageAndSetDifferentStatusesTest">
    <failure type="org.openqa.selenium.StaleElementReferenceException" message="stale element reference: element is not attached to the page document
  (Session info: chrome=40.0.2214.94)
  (Driver info: chromedriver=2.11.298611 (d1120fdf51badec2f7b63a96e19a58d4783de84d),platform=Mac OS X 10.10.1 x86_64) (WARNING: The server did not provide any stacktrace information)
Command duration or timeout: 9 milliseconds
For documentation on this error, please visit: http://seleniumhq.org/exceptions/stale_element_reference.html
Build info: version: &#039;2.44.0&#039;, revision: &#039;76d78cf323ce037c5f92db6c1bba601c2ac43ad8&#039;, time: &#039;2014-10-23 13:11:40&#039;
System info: host: &#039;ITUs-MacBook-Pro-5.local&#039;, ip: &#039;172.16.7.100&#039;, os.name: &#039;Mac OS X&#039;, os.arch: &#039;x86_64&#039;, os.version: &#039;10.10.1&#039;, java.version: &#039;1.6.0_65&#039;
Session ID: 9a9dbb413dc9ff14408ba873bbd7081c
Driver info: org.openqa.selenium.chrome.ChromeDriver
Capabilities [{platform=MAC, acceptSslCerts=true, javascriptEnabled=true, browserName=chrome, chrome={userDataDir=/var/folders/bt/515t4pvn6f977cyrtzxv7ckm0000gp/T/.org.chromium.Chromium.noOBup}, rotatable=false, locationContextEnabled=true, mobileEmulationEnabled=false, version=40.0.2214.94, takesHeapSnapshot=true, cssSelectorsEnabled=true, databaseEnabled=false, handlesAlerts=true, browserConnectionEnabled=false, webStorageEnabled=true, nativeEvents=true, applicationCacheEnabled=false, takesScreenshot=true}]">
      <![CDATA[org.openqa.selenium.StaleElementReferenceException: stale element reference: element is not attached to the page document
  (Session info: chrome=40.0.2214.94)
  (Driver info: chromedriver=2.11.298611 (d1120fdf51badec2f7b63a96e19a58d4783de84d),platform=Mac OS X 10.10.1 x86_64) (WARNING: The server did not provide any stacktrace information)
Command duration or timeout: 9 milliseconds
For documentation on this error, please visit: http://seleniumhq.org/exceptions/stale_element_reference.html
Build info: version: '2.44.0', revision: '76d78cf323ce037c5f92db6c1bba601c2ac43ad8', time: '2014-10-23 13:11:40'
System info: host: 'ITUs-MacBook-Pro-5.local', ip: '172.16.7.100', os.name: 'Mac OS X', os.arch: 'x86_64', os.version: '10.10.1', java.version: '1.6.0_65'
Session ID: 9a9dbb413dc9ff14408ba873bbd7081c
Driver info: org.openqa.selenium.chrome.ChromeDriver
Capabilities [{platform=MAC, acceptSslCerts=true, javascriptEnabled=true, browserName=chrome, chrome={userDataDir=/var/folders/bt/515t4pvn6f977cyrtzxv7ckm0000gp/T/.org.chromium.Chromium.noOBup}, rotatable=false, locationContextEnabled=true, mobileEmulationEnabled=false, version=40.0.2214.94, takesHeapSnapshot=true, cssSelectorsEnabled=true, databaseEnabled=false, handlesAlerts=true, browserConnectionEnabled=false, webStorageEnabled=true, nativeEvents=true, applicationCacheEnabled=false, takesScreenshot=true}]
	at sun.reflect.NativeConstructorAccessorImpl.newInstance0(Native Method)
	at sun.reflect.NativeConstructorAccessorImpl.newInstance(NativeConstructorAccessorImpl.java:39)
	at sun.reflect.DelegatingConstructorAccessorImpl.newInstance(DelegatingConstructorAccessorImpl.java:27)
	at java.lang.reflect.Constructor.newInstance(Constructor.java:513)
	at org.openqa.selenium.remote.ErrorHandler.createThrowable(ErrorHandler.java:204)
	at org.openqa.selenium.remote.ErrorHandler.throwIfResponseFailed(ErrorHandler.java:156)
	at org.openqa.selenium.remote.RemoteWebDriver.execute(RemoteWebDriver.java:599)
	at org.openqa.selenium.remote.RemoteWebElement.execute(RemoteWebElement.java:268)
	at org.openqa.selenium.remote.RemoteWebElement.isDisplayed(RemoteWebElement.java:320)
	at sun.reflect.GeneratedMethodAccessor5.invoke(Unknown Source)
	at sun.reflect.DelegatingMethodAccessorImpl.invoke(DelegatingMethodAccessorImpl.java:25)
	at java.lang.reflect.Method.invoke(Method.java:597)
	at org.openqa.selenium.support.pagefactory.internal.LocatingElementHandler.invoke(LocatingElementHandler.java:50)
	at com.sun.proxy.$Proxy11.isDisplayed(Unknown Source)
	at org.openqa.selenium.support.ui.ExpectedConditions.elementIfVisible(ExpectedConditions.java:227)
	at org.openqa.selenium.support.ui.ExpectedConditions.access$100(ExpectedConditions.java:39)
	at org.openqa.selenium.support.ui.ExpectedConditions$7.apply(ExpectedConditions.java:213)
	at org.openqa.selenium.support.ui.ExpectedConditions$7.apply(ExpectedConditions.java:210)
	at org.openqa.selenium.support.ui.FluentWait.until(FluentWait.java:208)
	at edu.itu.bridge.tests.base.Wait.wait(Wait.java:16)
	at edu.itu.bridge.tests.base.Wait.visible(Wait.java:24)
	at edu.itu.bridge.tests.functional.candidate.profile.F_EditCandidateProfilePageAndSetDifferentStatusesTest.EditProfile(F_EditCandidateProfilePageAndSetDifferentStatusesTest.java:38)
	at edu.itu.bridge.tests.functional.candidate.profile.F_EditCandidateProfilePageAndSetDifferentStatusesTest.F_EditCandidateProfilePageSetNotAvailableAndVisible(F_EditCandidateProfilePageAndSetDifferentStatusesTest.java:162)
	at sun.reflect.NativeMethodAccessorImpl.invoke0(Native Method)
	at sun.reflect.NativeMethodAccessorImpl.invoke(NativeMethodAccessorImpl.java:39)
	at sun.reflect.DelegatingMethodAccessorImpl.invoke(DelegatingMethodAccessorImpl.java:25)
	at java.lang.reflect.Method.invoke(Method.java:597)
	at org.testng.internal.MethodInvocationHelper.invokeMethod(MethodInvocationHelper.java:84)
	at org.testng.internal.Invoker.invokeMethod(Invoker.java:714)
	at org.testng.internal.Invoker.invokeTestMethod(Invoker.java:901)
	at org.testng.internal.Invoker.invokeTestMethods(Invoker.java:1231)
	at org.testng.internal.TestMethodWorker.invokeTestMethods(TestMethodWorker.java:127)
	at org.testng.internal.TestMethodWorker.run(TestMethodWorker.java:111)
	at java.util.concurrent.ThreadPoolExecutor$Worker.runTask(ThreadPoolExecutor.java:895)
	at java.util.concurrent.ThreadPoolExecutor$Worker.run(ThreadPoolExecutor.java:918)
	at java.lang.Thread.run(Thread.java:695)
]]>
    </failure>
  </testcase> <!-- F_EditCandidateProfilePageSetNotAvailableAndVisible -->
  <testcase name="F_EditCandidateProfilePageSetToAvailableForPartTimeAndNotVisible" time="6.004" classname="edu.itu.bridge.tests.functional.candidate.profile.F_EditCandidateProfilePageAndSetDifferentStatusesTest"/>
  <testcase name="F_EditCandidateProfilePageSetToAvailableForFullTimeAndVisible" time="5.226" classname="edu.itu.bridge.tests.functional.candidate.profile.F_EditCandidateProfilePageAndSetDifferentStatusesTest"/>
</testsuite> <!-- edu.itu.bridge.tests.functional.candidate.profile.F_EditCandidateProfilePageAndSetDifferentStatusesTest -->
