<?xml version="1.0" encoding="UTF-8"?>
<!-- Generated by org.testng.reporters.JUnitReportReporter -->
<testsuite hostname="ITUs-MacBook-Pro-5.local" name="edu.itu.bridge.tests.functional.skills.F_CandidateIsAbleToAddSkillTest" tests="1" failures="1" timestamp="3 Feb 2015 20:12:44 GMT" time="44.787" errors="0">
  <testcase name="F_candidateIsAbleToAddAndDeleteSixSkillsWithDifferentYearsAndKnowledgeTest" time="44.787" classname="edu.itu.bridge.tests.functional.skills.F_CandidateIsAbleToAddSkillTest">
    <failure type="org.openqa.selenium.TimeoutException" message="Timed out after 10 seconds waiting for visibility of Proxy element for: org.openqa.selenium.support.pagefactory.DefaultElementLocator@1a84e3f9
Build info: version: &#039;2.44.0&#039;, revision: &#039;76d78cf323ce037c5f92db6c1bba601c2ac43ad8&#039;, time: &#039;2014-10-23 13:11:40&#039;
System info: host: &#039;ITUs-MacBook-Pro-5.local&#039;, ip: &#039;172.16.7.100&#039;, os.name: &#039;Mac OS X&#039;, os.arch: &#039;x86_64&#039;, os.version: &#039;10.10.1&#039;, java.version: &#039;1.6.0_65&#039;
Session ID: 9c59c02267cb784254b1adde84404ed2
Driver info: org.openqa.selenium.chrome.ChromeDriver
Capabilities [{platform=MAC, acceptSslCerts=true, javascriptEnabled=true, browserName=chrome, chrome={userDataDir=/var/folders/bt/515t4pvn6f977cyrtzxv7ckm0000gp/T/.org.chromium.Chromium.xMbTnP}, rotatable=false, locationContextEnabled=true, mobileEmulationEnabled=false, version=40.0.2214.94, takesHeapSnapshot=true, cssSelectorsEnabled=true, databaseEnabled=false, handlesAlerts=true, browserConnectionEnabled=false, webStorageEnabled=true, nativeEvents=true, applicationCacheEnabled=false, takesScreenshot=true}]">
      <![CDATA[org.openqa.selenium.TimeoutException: Timed out after 10 seconds waiting for visibility of Proxy element for: org.openqa.selenium.support.pagefactory.DefaultElementLocator@1a84e3f9
Build info: version: '2.44.0', revision: '76d78cf323ce037c5f92db6c1bba601c2ac43ad8', time: '2014-10-23 13:11:40'
System info: host: 'ITUs-MacBook-Pro-5.local', ip: '172.16.7.100', os.name: 'Mac OS X', os.arch: 'x86_64', os.version: '10.10.1', java.version: '1.6.0_65'
Session ID: 9c59c02267cb784254b1adde84404ed2
Driver info: org.openqa.selenium.chrome.ChromeDriver
Capabilities [{platform=MAC, acceptSslCerts=true, javascriptEnabled=true, browserName=chrome, chrome={userDataDir=/var/folders/bt/515t4pvn6f977cyrtzxv7ckm0000gp/T/.org.chromium.Chromium.xMbTnP}, rotatable=false, locationContextEnabled=true, mobileEmulationEnabled=false, version=40.0.2214.94, takesHeapSnapshot=true, cssSelectorsEnabled=true, databaseEnabled=false, handlesAlerts=true, browserConnectionEnabled=false, webStorageEnabled=true, nativeEvents=true, applicationCacheEnabled=false, takesScreenshot=true}]
	at org.openqa.selenium.support.ui.WebDriverWait.timeoutException(WebDriverWait.java:79)
	at org.openqa.selenium.support.ui.FluentWait.until(FluentWait.java:228)
	at edu.itu.bridge.tests.base.Wait.wait(Wait.java:16)
	at edu.itu.bridge.tests.base.Wait.visible(Wait.java:24)
	at edu.itu.bridge.helpers.SkillService.TypeAndAddRandomBussinessCommunicationSkill(SkillService.java:71)
	at edu.itu.bridge.tests.functional.skills.F_CandidateIsAbleToAddSkillTest.F_candidateIsAbleToAddAndDeleteSixSkillsWithDifferentYearsAndKnowledgeTest(F_CandidateIsAbleToAddSkillTest.java:34)
	at sun.reflect.NativeMethodAccessorImpl.invoke0(Native Method)
	at sun.reflect.NativeMethodAccessorImpl.invoke(NativeMethodAccessorImpl.java:39)
	at sun.reflect.DelegatingMethodAccessorImpl.invoke(DelegatingMethodAccessorImpl.java:25)
	at java.lang.reflect.Method.invoke(Method.java:597)
	at org.testng.internal.MethodInvocationHelper.invokeMethod(MethodInvocationHelper.java:84)
	at org.testng.internal.Invoker.invokeMethod(Invoker.java:714)
	at org.testng.internal.Invoker.invokeTestMethod(Invoker.java:901)
	at org.testng.internal.Invoker.invokeTestMethods(Invoker.java:1231)
	at org.testng.internal.TestMethodWorker.invokeTestMethods(TestMethodWorker.java:127)
	at org.testng.internal.TestMethodWorker.run(TestMethodWorker.java:111)
	at java.util.concurrent.ThreadPoolExecutor$Worker.runTask(ThreadPoolExecutor.java:895)
	at java.util.concurrent.ThreadPoolExecutor$Worker.run(ThreadPoolExecutor.java:918)
	at java.lang.Thread.run(Thread.java:695)
Caused by: org.openqa.selenium.NoSuchElementException: no such element
  (Session info: chrome=40.0.2214.94)
  (Driver info: chromedriver=2.11.298611 (d1120fdf51badec2f7b63a96e19a58d4783de84d),platform=Mac OS X 10.10.1 x86_64) (WARNING: The server did not provide any stacktrace information)
Command duration or timeout: 10.02 seconds
For documentation on this error, please visit: http://seleniumhq.org/exceptions/no_such_element.html
Build info: version: '2.44.0', revision: '76d78cf323ce037c5f92db6c1bba601c2ac43ad8', time: '2014-10-23 13:11:40'
System info: host: 'ITUs-MacBook-Pro-5.local', ip: '172.16.7.100', os.name: 'Mac OS X', os.arch: 'x86_64', os.version: '10.10.1', java.version: '1.6.0_65'
Session ID: 9c59c02267cb784254b1adde84404ed2
Driver info: org.openqa.selenium.chrome.ChromeDriver
Capabilities [{platform=MAC, acceptSslCerts=true, javascriptEnabled=true, browserName=chrome, chrome={userDataDir=/var/folders/bt/515t4pvn6f977cyrtzxv7ckm0000gp/T/.org.chromium.Chromium.xMbTnP}, rotatable=false, locationContextEnabled=true, mobileEmulationEnabled=false, version=40.0.2214.94, takesHeapSnapshot=true, cssSelectorsEnabled=true, databaseEnabled=false, handlesAlerts=true, browserConnectionEnabled=false, webStorageEnabled=true, nativeEvents=true, applicationCacheEnabled=false, takesScreenshot=true}]
	at sun.reflect.GeneratedConstructorAccessor21.newInstance(Unknown Source)
	at sun.reflect.DelegatingConstructorAccessorImpl.newInstance(DelegatingConstructorAccessorImpl.java:27)
	at java.lang.reflect.Constructor.newInstance(Constructor.java:513)
	at org.openqa.selenium.remote.ErrorHandler.createThrowable(ErrorHandler.java:204)
	at org.openqa.selenium.remote.ErrorHandler.throwIfResponseFailed(ErrorHandler.java:156)
	at org.openqa.selenium.remote.RemoteWebDriver.execute(RemoteWebDriver.java:599)
	at org.openqa.selenium.remote.RemoteWebDriver.findElement(RemoteWebDriver.java:352)
	at org.openqa.selenium.remote.RemoteWebDriver.findElementByXPath(RemoteWebDriver.java:449)
	at org.openqa.selenium.By$ByXPath.findElement(By.java:357)
	at org.openqa.selenium.remote.RemoteWebDriver.findElement(RemoteWebDriver.java:344)
	at org.openqa.selenium.support.pagefactory.DefaultElementLocator.findElement(DefaultElementLocator.java:59)
	at org.openqa.selenium.support.pagefactory.internal.LocatingElementHandler.invoke(LocatingElementHandler.java:37)
	at com.sun.proxy.$Proxy11.isDisplayed(Unknown Source)
	at org.openqa.selenium.support.ui.ExpectedConditions.elementIfVisible(ExpectedConditions.java:227)
	at org.openqa.selenium.support.ui.ExpectedConditions.access$100(ExpectedConditions.java:39)
	at org.openqa.selenium.support.ui.ExpectedConditions$7.apply(ExpectedConditions.java:213)
	at org.openqa.selenium.support.ui.ExpectedConditions$7.apply(ExpectedConditions.java:210)
	at org.openqa.selenium.support.ui.FluentWait.until(FluentWait.java:208)
	... 17 more
]]>
    </failure>
  </testcase> <!-- F_candidateIsAbleToAddAndDeleteSixSkillsWithDifferentYearsAndKnowledgeTest -->
</testsuite> <!-- edu.itu.bridge.tests.functional.skills.F_CandidateIsAbleToAddSkillTest -->
