<?xml version="1.0" encoding="UTF-8"?>
<!-- Generated by org.testng.reporters.JUnitReportReporter -->
<testsuite hostname="ITUs-MacBook-Pro-5.local" name="edu.itu.bridge.tests.functional.support.F_SubmitSupportTicketSignedInAsCandidateTest" tests="2" failures="1" timestamp="3 Feb 2015 20:12:44 GMT" time="7.250" errors="0">
  <testcase name="f_SubmitSupportTicketSignedInHeaderTest" time="4.316" classname="edu.itu.bridge.tests.functional.support.F_SubmitSupportTicketSignedInAsCandidateTest"/>
  <testcase name="f_SubmitSupportTicketSignedInFooterTest" time="2.934" classname="edu.itu.bridge.tests.functional.support.F_SubmitSupportTicketSignedInAsCandidateTest">
    <failure type="org.openqa.selenium.WebDriverException" message="unknown error: Element is not clickable at point (678, 864). Other element would receive the click: &lt;footer class=&quot;app-footer&quot;&gt;...&lt;/footer&gt;
  (Session info: chrome=40.0.2214.94)
  (Driver info: chromedriver=2.11.298611 (d1120fdf51badec2f7b63a96e19a58d4783de84d),platform=Mac OS X 10.10.1 x86_64) (WARNING: The server did not provide any stacktrace information)
Command duration or timeout: 28 milliseconds
Build info: version: &#039;2.44.0&#039;, revision: &#039;76d78cf323ce037c5f92db6c1bba601c2ac43ad8&#039;, time: &#039;2014-10-23 13:11:40&#039;
System info: host: &#039;ITUs-MacBook-Pro-5.local&#039;, ip: &#039;172.16.7.100&#039;, os.name: &#039;Mac OS X&#039;, os.arch: &#039;x86_64&#039;, os.version: &#039;10.10.1&#039;, java.version: &#039;1.6.0_65&#039;
Session ID: 282f26872dcabb46ddb4b16862efdd71
Driver info: org.openqa.selenium.chrome.ChromeDriver
Capabilities [{platform=MAC, acceptSslCerts=true, javascriptEnabled=true, browserName=chrome, chrome={userDataDir=/var/folders/bt/515t4pvn6f977cyrtzxv7ckm0000gp/T/.org.chromium.Chromium.1goBBa}, rotatable=false, locationContextEnabled=true, mobileEmulationEnabled=false, version=40.0.2214.94, takesHeapSnapshot=true, cssSelectorsEnabled=true, databaseEnabled=false, handlesAlerts=true, browserConnectionEnabled=false, webStorageEnabled=true, nativeEvents=true, applicationCacheEnabled=false, takesScreenshot=true}]">
      <![CDATA[org.openqa.selenium.WebDriverException: unknown error: Element is not clickable at point (678, 864). Other element would receive the click: <footer class="app-footer">...</footer>
  (Session info: chrome=40.0.2214.94)
  (Driver info: chromedriver=2.11.298611 (d1120fdf51badec2f7b63a96e19a58d4783de84d),platform=Mac OS X 10.10.1 x86_64) (WARNING: The server did not provide any stacktrace information)
Command duration or timeout: 28 milliseconds
Build info: version: '2.44.0', revision: '76d78cf323ce037c5f92db6c1bba601c2ac43ad8', time: '2014-10-23 13:11:40'
System info: host: 'ITUs-MacBook-Pro-5.local', ip: '172.16.7.100', os.name: 'Mac OS X', os.arch: 'x86_64', os.version: '10.10.1', java.version: '1.6.0_65'
Session ID: 282f26872dcabb46ddb4b16862efdd71
Driver info: org.openqa.selenium.chrome.ChromeDriver
Capabilities [{platform=MAC, acceptSslCerts=true, javascriptEnabled=true, browserName=chrome, chrome={userDataDir=/var/folders/bt/515t4pvn6f977cyrtzxv7ckm0000gp/T/.org.chromium.Chromium.1goBBa}, rotatable=false, locationContextEnabled=true, mobileEmulationEnabled=false, version=40.0.2214.94, takesHeapSnapshot=true, cssSelectorsEnabled=true, databaseEnabled=false, handlesAlerts=true, browserConnectionEnabled=false, webStorageEnabled=true, nativeEvents=true, applicationCacheEnabled=false, takesScreenshot=true}]
	at sun.reflect.NativeConstructorAccessorImpl.newInstance0(Native Method)
	at sun.reflect.NativeConstructorAccessorImpl.newInstance(NativeConstructorAccessorImpl.java:39)
	at sun.reflect.DelegatingConstructorAccessorImpl.newInstance(DelegatingConstructorAccessorImpl.java:27)
	at java.lang.reflect.Constructor.newInstance(Constructor.java:513)
	at org.openqa.selenium.remote.ErrorHandler.createThrowable(ErrorHandler.java:204)
	at org.openqa.selenium.remote.ErrorHandler.throwIfResponseFailed(ErrorHandler.java:156)
	at org.openqa.selenium.remote.RemoteWebDriver.execute(RemoteWebDriver.java:599)
	at org.openqa.selenium.remote.RemoteWebElement.execute(RemoteWebElement.java:268)
	at org.openqa.selenium.remote.RemoteWebElement.click(RemoteWebElement.java:79)
	at sun.reflect.GeneratedMethodAccessor7.invoke(Unknown Source)
	at sun.reflect.DelegatingMethodAccessorImpl.invoke(DelegatingMethodAccessorImpl.java:25)
	at java.lang.reflect.Method.invoke(Method.java:597)
	at org.openqa.selenium.support.pagefactory.internal.LocatingElementHandler.invoke(LocatingElementHandler.java:50)
	at com.sun.proxy.$Proxy11.click(Unknown Source)
	at edu.itu.bridge.tests.base.ActionService.click(ActionService.java:14)
	at edu.itu.bridge.helpers.SupportTicketService.SubmitTicketWhenCandidateSignedInFromFooter(SupportTicketService.java:163)
	at edu.itu.bridge.tests.functional.support.F_SubmitSupportTicketSignedInAsCandidateTest.f_SubmitSupportTicketSignedInFooterTest(F_SubmitSupportTicketSignedInAsCandidateTest.java:39)
	at sun.reflect.NativeMethodAccessorImpl.invoke0(Native Method)
	at sun.reflect.NativeMethodAccessorImpl.invoke(NativeMethodAccessorImpl.java:39)
	at sun.reflect.DelegatingMethodAccessorImpl.invoke(DelegatingMethodAccessorImpl.java:25)
	at java.lang.reflect.Method.invoke(Method.java:597)
	at org.testng.internal.MethodInvocationHelper.invokeMethod(MethodInvocationHelper.java:84)
	at org.testng.internal.Invoker.invokeMethod(Invoker.java:714)
	at org.testng.internal.Invoker.invokeTestMethod(Invoker.java:901)
	at org.testng.internal.Invoker.invokeTestMethods(Invoker.java:1231)
	at org.testng.internal.TestMethodWorker.invokeTestMethods(TestMethodWorker.java:127)
	at org.testng.internal.TestMethodWorker.run(TestMethodWorker.java:111)
	at java.util.concurrent.ThreadPoolExecutor$Worker.runTask(ThreadPoolExecutor.java:895)
	at java.util.concurrent.ThreadPoolExecutor$Worker.run(ThreadPoolExecutor.java:918)
	at java.lang.Thread.run(Thread.java:695)
]]>
    </failure>
  </testcase> <!-- f_SubmitSupportTicketSignedInFooterTest -->
</testsuite> <!-- edu.itu.bridge.tests.functional.support.F_SubmitSupportTicketSignedInAsCandidateTest -->
